<?xml version="1.0" encoding="utf-8"?>
<TestRun id="18b19ddb-0613-469d-8528-c3f9600ca4a7" name="DKSR-EFI-06$@DKSR-EFI-06 2024-01-09 15:43:26" runUser="NT AUTHORITY\NETWORK SERVICE" xmlns="http://microsoft.com/schemas/VisualStudio/TeamTest/2010">
  <Times creation="2024-01-09T15:43:26.5447508+01:00" queuing="2024-01-09T15:43:26.5447508+01:00" start="2024-01-09T15:43:14.6072414+01:00" finish="2024-01-09T15:43:30.6228768+01:00" />
  <TestSettings name="default" id="bebb5549-5c51-4be4-86b0-570b9f094f8f">
    <Deployment runDeploymentRoot="DKSR-EFI-06$_DKSR-EFI-06_2024-01-09_15_43_26" />
  </TestSettings>
  <Results>
    <UnitTestResult executionId="eac8f088-f333-4450-97aa-e4900b708bef" testId="1a7addec-f2b2-19b6-3a2e-6585fc095c36" testName="Constructor_ShouldRaiseArgumentNullException_WhenSourceEncryptionControllerIsNull" computerName="DKSR-EFI-06" duration="00:00:00.0008545" startTime="2024-01-09T15:43:29.6385035+01:00" endTime="2024-01-09T15:43:29.6385035+01:00" testType="13cdc9d9-ddb5-4fa4-a97d-d965ccfc6d4b" outcome="Passed" testListId="8c84fa94-04c1-424b-9868-57a2d4851a1d" relativeResultsDirectory="eac8f088-f333-4450-97aa-e4900b708bef" />
    <UnitTestResult executionId="42bb83c9-e850-4554-a374-f81e09d342ee" testId="633487f4-7693-130d-f78b-b347633763c3" testName="Encrypt_ShouldRaiseArgumentNullException_WhenUnencryptedContentIsNull" computerName="DKSR-EFI-06" duration="00:00:00.0014131" startTime="2024-01-09T15:43:29.4822530+01:00" endTime="2024-01-09T15:43:29.4822530+01:00" testType="13cdc9d9-ddb5-4fa4-a97d-d965ccfc6d4b" outcome="Passed" testListId="8c84fa94-04c1-424b-9868-57a2d4851a1d" relativeResultsDirectory="42bb83c9-e850-4554-a374-f81e09d342ee" />
    <UnitTestResult executionId="17712395-8bc7-43b4-84b3-0a975aaf1432" testId="7769072a-ca1b-8ab9-160d-0da72a267230" testName="Encrypt_ShouldReturnDataFromSymmetricEncryption_WhenSymmetricEncryptionReturnsData" computerName="DKSR-EFI-06" duration="00:00:00.0013040" startTime="2024-01-09T15:43:29.5603771+01:00" endTime="2024-01-09T15:43:29.5603771+01:00" testType="13cdc9d9-ddb5-4fa4-a97d-d965ccfc6d4b" outcome="Passed" testListId="8c84fa94-04c1-424b-9868-57a2d4851a1d" relativeResultsDirectory="17712395-8bc7-43b4-84b3-0a975aaf1432" />
    <UnitTestResult executionId="d2240284-5560-4e4d-88ea-1c1f870d918b" testId="d9f66616-4fa6-0335-fe95-7417cd15206a" testName="GetAccessControlElements_ShouldReturnCorrectValues" computerName="DKSR-EFI-06" duration="00:00:00.0857297" startTime="2024-01-09T15:43:29.7635017+01:00" endTime="2024-01-09T15:43:29.8572528+01:00" testType="13cdc9d9-ddb5-4fa4-a97d-d965ccfc6d4b" outcome="Passed" testListId="8c84fa94-04c1-424b-9868-57a2d4851a1d" relativeResultsDirectory="d2240284-5560-4e4d-88ea-1c1f870d918b" />
    <UnitTestResult executionId="3d8a3fd7-1079-48d8-bf46-bb74ad1ae6c5" testId="5d1dd5ac-d2e3-3e5f-672c-d478c8d332df" testName="CanDecrypt_ShouldRaiseArgumentNullException_WhenEncryptedContentIsNull" computerName="DKSR-EFI-06" duration="00:00:00.0015886" startTime="2024-01-09T15:43:29.4510030+01:00" endTime="2024-01-09T15:43:29.4510030+01:00" testType="13cdc9d9-ddb5-4fa4-a97d-d965ccfc6d4b" outcome="Passed" testListId="8c84fa94-04c1-424b-9868-57a2d4851a1d" relativeResultsDirectory="3d8a3fd7-1079-48d8-bf46-bb74ad1ae6c5" />
    <UnitTestResult executionId="7b1c93a9-3c57-4128-92de-5114c840009c" testId="a210d53e-8c18-d3d4-2740-bd365a5e0cec" testName="Constructor_ShouldRaiseArgumentNullException_WhenKeyManagerIsNull" computerName="DKSR-EFI-06" duration="00:00:00.0098634" startTime="2024-01-09T15:43:29.4979212+01:00" endTime="2024-01-09T15:43:29.5135037+01:00" testType="13cdc9d9-ddb5-4fa4-a97d-d965ccfc6d4b" outcome="Passed" testListId="8c84fa94-04c1-424b-9868-57a2d4851a1d" relativeResultsDirectory="7b1c93a9-3c57-4128-92de-5114c840009c" />
    <UnitTestResult executionId="9f9c50ac-a64f-484e-b11f-8de1c1416867" testId="1d7c4460-5dfc-c818-ac65-0dc9818eed19" testName="IsEnterprise_ShouldBeTrue" computerName="DKSR-EFI-06" duration="00:00:00.0008321" startTime="2024-01-09T15:43:27.5916285+01:00" endTime="2024-01-09T15:43:27.5916285+01:00" testType="13cdc9d9-ddb5-4fa4-a97d-d965ccfc6d4b" outcome="Passed" testListId="8c84fa94-04c1-424b-9868-57a2d4851a1d" relativeResultsDirectory="9f9c50ac-a64f-484e-b11f-8de1c1416867" />
    <UnitTestResult executionId="8b0415cb-e1d9-422e-b342-9e380c888ff6" testId="c8e37ea3-865d-7568-db96-58c49ccbaa48" testName="Decrypt_ShouldReturnDataFromSymmetricEncryption_WhenSymmetricEncryptionReturnsData" computerName="DKSR-EFI-06" duration="00:00:00.0009217" startTime="2024-01-09T15:43:29.5760039+01:00" endTime="2024-01-09T15:43:29.5760039+01:00" testType="13cdc9d9-ddb5-4fa4-a97d-d965ccfc6d4b" outcome="Passed" testListId="8c84fa94-04c1-424b-9868-57a2d4851a1d" relativeResultsDirectory="8b0415cb-e1d9-422e-b342-9e380c888ff6" />
    <UnitTestResult executionId="3fee9453-34a2-4248-80c7-05567bbfee7e" testId="e4564ec5-0a7a-6202-6b4b-2cbf86aa4f7f" testName="GetPasswordPropertiesName_ShouldReturnTwoPasswordProperties_WhenACPluginWrapperHasTwoPasswordProperties" computerName="DKSR-EFI-06" duration="00:00:00.0065934" startTime="2024-01-09T15:43:29.7322555+01:00" endTime="2024-01-09T15:43:29.7322555+01:00" testType="13cdc9d9-ddb5-4fa4-a97d-d965ccfc6d4b" outcome="Passed" testListId="8c84fa94-04c1-424b-9868-57a2d4851a1d" relativeResultsDirectory="3fee9453-34a2-4248-80c7-05567bbfee7e" />
    <UnitTestResult executionId="767d2e14-e2b1-4149-ad8e-63d5a321390d" testId="ce2f452f-3d54-8463-88ae-371fb48aaff1" testName="WhenUpdateThenEncryptionReplacedUpdate" computerName="DKSR-EFI-06" duration="00:00:00.0157381" startTime="2024-01-09T15:43:29.2791284+01:00" endTime="2024-01-09T15:43:29.2947537+01:00" testType="13cdc9d9-ddb5-4fa4-a97d-d965ccfc6d4b" outcome="Passed" testListId="8c84fa94-04c1-424b-9868-57a2d4851a1d" relativeResultsDirectory="767d2e14-e2b1-4149-ad8e-63d5a321390d" />
    <UnitTestResult executionId="62670106-2e41-4316-8362-8c2edb028a4f" testId="a564438b-e454-f88d-20fc-2d40d0e1aceb" testName="Uninstall_ShouldNotFail" computerName="DKSR-EFI-06" duration="00:00:00.0016164" startTime="2024-01-09T15:43:28.7791310+01:00" endTime="2024-01-09T15:43:28.7947546+01:00" testType="13cdc9d9-ddb5-4fa4-a97d-d965ccfc6d4b" outcome="Passed" testListId="8c84fa94-04c1-424b-9868-57a2d4851a1d" relativeResultsDirectory="62670106-2e41-4316-8362-8c2edb028a4f" />
    <UnitTestResult executionId="bccfa652-8ffa-4161-a5f0-885d7b4720d1" testId="e243460c-f169-78a5-1cec-708bdcfa1515" testName="GetMipPluginCategories_ShouldReturnCorrectValues" computerName="DKSR-EFI-06" duration="00:00:00.1472283" startTime="2024-01-09T15:43:29.2947537+01:00" endTime="2024-01-09T15:43:29.4510030+01:00" testType="13cdc9d9-ddb5-4fa4-a97d-d965ccfc6d4b" outcome="Passed" testListId="8c84fa94-04c1-424b-9868-57a2d4851a1d" relativeResultsDirectory="bccfa652-8ffa-4161-a5f0-885d7b4720d1" />
    <UnitTestResult executionId="fd160257-9006-496f-9f76-ec92edb29cee" testId="b320a399-6493-db75-a803-7914bb70b080" testName="Create_ShouldRaiseArgumentNullException_WhenCreateIsNull" computerName="DKSR-EFI-06" duration="00:00:00.0021171" startTime="2024-01-09T15:43:29.6072541+01:00" endTime="2024-01-09T15:43:29.6072541+01:00" testType="13cdc9d9-ddb5-4fa4-a97d-d965ccfc6d4b" outcome="Passed" testListId="8c84fa94-04c1-424b-9868-57a2d4851a1d" relativeResultsDirectory="fd160257-9006-496f-9f76-ec92edb29cee" />
    <UnitTestResult executionId="ee2b3837-fc29-4c7e-b686-5826d8edcb94" testId="26547426-9915-7840-6b79-2e49020a1be9" testName="IsEnterprise_ShouldDefaultToFalse" computerName="DKSR-EFI-06" duration="00:00:00.0003567" startTime="2024-01-09T15:43:27.6072525+01:00" endTime="2024-01-09T15:43:27.6072525+01:00" testType="13cdc9d9-ddb5-4fa4-a97d-d965ccfc6d4b" outcome="Passed" testListId="8c84fa94-04c1-424b-9868-57a2d4851a1d" relativeResultsDirectory="ee2b3837-fc29-4c7e-b686-5826d8edcb94" />
    <UnitTestResult executionId="a70e7f3f-36db-4763-9ce1-d782f9c5d0f8" testId="06546f03-c403-c04f-4106-08b86770b7c1" testName="Decrypt_ShouldRaiseDecryptException_WhenEncryptedContentIsNotEncrypted" computerName="DKSR-EFI-06" duration="00:00:00.0010580" startTime="2024-01-09T15:43:29.4822530+01:00" endTime="2024-01-09T15:43:29.4822530+01:00" testType="13cdc9d9-ddb5-4fa4-a97d-d965ccfc6d4b" outcome="Passed" testListId="8c84fa94-04c1-424b-9868-57a2d4851a1d" relativeResultsDirectory="a70e7f3f-36db-4763-9ce1-d782f9c5d0f8" />
    <UnitTestResult executionId="9ea20b1e-243d-4201-a72e-f6a636822e61" testId="9272fb9e-403b-61fa-be23-ea7669fa4d2c" testName="GetEncryptedACSystemManagerPasswordPropertiesValue_ShouldReturnOneValue_WhenAcPluginPasswordPropertiesNameMatchesOneProperty" computerName="DKSR-EFI-06" duration="00:00:00.0026798" startTime="2024-01-09T15:43:29.7010026+01:00" endTime="2024-01-09T15:43:29.7010026+01:00" testType="13cdc9d9-ddb5-4fa4-a97d-d965ccfc6d4b" outcome="Passed" testListId="8c84fa94-04c1-424b-9868-57a2d4851a1d" relativeResultsDirectory="9ea20b1e-243d-4201-a72e-f6a636822e61" />
    <UnitTestResult executionId="0762a5db-0afe-4038-8078-f5c481705ec5" testId="3329b117-0821-d98e-05ee-7414e501b993" testName="WhenRulesDocumentUpdatedMethodIsCalledThenSourceListItemsIdsAreReplacedWithNewIds" computerName="DKSR-EFI-06" duration="00:00:00.0040190" startTime="2024-01-09T15:43:26.8416275+01:00" endTime="2024-01-09T15:43:26.8416275+01:00" testType="13cdc9d9-ddb5-4fa4-a97d-d965ccfc6d4b" outcome="Passed" testListId="8c84fa94-04c1-424b-9868-57a2d4851a1d" relativeResultsDirectory="0762a5db-0afe-4038-8078-f5c481705ec5" />
    <UnitTestResult executionId="0408580c-409d-466b-ab2c-4d9aa19bcd46" testId="ed4b3933-bce8-973a-018e-3b539f1412f3" testName="GetEncryptedMigratedACPasswordPropertyValue_ShouldReturnEncryptedContent_WhenYYYY" computerName="DKSR-EFI-06" duration="00:00:00.0016978" startTime="2024-01-09T15:43:29.7166295+01:00" endTime="2024-01-09T15:43:29.7166295+01:00" testType="13cdc9d9-ddb5-4fa4-a97d-d965ccfc6d4b" outcome="Passed" testListId="8c84fa94-04c1-424b-9868-57a2d4851a1d" relativeResultsDirectory="0408580c-409d-466b-ab2c-4d9aa19bcd46" />
    <UnitTestResult executionId="b77a6ce7-6f78-4f9b-b23c-14d6176d74e1" testId="35d916cb-ff84-15c5-6a1b-9948bc9d233b" testName="GetNotMigratedEncryptedACPasswordPropertiesValue_ShouldReturnZeroACPasswordValues_WhenDestinationEncryptionControllerCanDecrypt" computerName="DKSR-EFI-06" duration="00:00:00.0013282" startTime="2024-01-09T15:43:29.7010026+01:00" endTime="2024-01-09T15:43:29.7010026+01:00" testType="13cdc9d9-ddb5-4fa4-a97d-d965ccfc6d4b" outcome="Passed" testListId="8c84fa94-04c1-424b-9868-57a2d4851a1d" relativeResultsDirectory="b77a6ce7-6f78-4f9b-b23c-14d6176d74e1" />
    <UnitTestResult executionId="d8fb9f78-347c-4d6a-b56d-c320f0220987" testId="e0b69f45-6966-88be-26ff-c903af5a7ba5" testName="WhenGetBuiltInDoorCategoriesThenDoorsPairsMd5Sha1Returned" computerName="DKSR-EFI-06" duration="00:00:00.6534472" startTime="2024-01-09T15:43:25.0447524+01:00" endTime="2024-01-09T15:43:26.1697529+01:00" testType="13cdc9d9-ddb5-4fa4-a97d-d965ccfc6d4b" outcome="Passed" testListId="8c84fa94-04c1-424b-9868-57a2d4851a1d" relativeResultsDirectory="d8fb9f78-347c-4d6a-b56d-c320f0220987" />
    <UnitTestResult executionId="d99686aa-4445-471d-8c8a-d092614b81f0" testId="dedae99a-0d8b-5ed2-cb14-233c1b9a3ff0" testName="GetPasswordPropertiesName_ShouldRaiseArgumentNullException_WhenACPluginWrapperIsNull" computerName="DKSR-EFI-06" duration="00:00:00.0023884" startTime="2024-01-09T15:43:29.7166295+01:00" endTime="2024-01-09T15:43:29.7322555+01:00" testType="13cdc9d9-ddb5-4fa4-a97d-d965ccfc6d4b" outcome="Passed" testListId="8c84fa94-04c1-424b-9868-57a2d4851a1d" relativeResultsDirectory="d99686aa-4445-471d-8c8a-d092614b81f0" />
    <UnitTestResult executionId="396b6085-5651-45b9-b22d-220804afa134" testId="caf1ccdb-af3b-4eef-bf4d-ef83ab0ab506" testName="GetNotMigratedEncryptedACPasswordPropertiesValue_ShouldReturnTwoACPasswordValues_WhenDestinationEncryptionControllerCannotDecryptTwoPasswords" computerName="DKSR-EFI-06" duration="00:00:00.0012477" startTime="2024-01-09T15:43:29.7166295+01:00" endTime="2024-01-09T15:43:29.7166295+01:00" testType="13cdc9d9-ddb5-4fa4-a97d-d965ccfc6d4b" outcome="Passed" testListId="8c84fa94-04c1-424b-9868-57a2d4851a1d" relativeResultsDirectory="396b6085-5651-45b9-b22d-220804afa134" />
    <UnitTestResult executionId="7e9e4180-fa1e-434a-81f4-6dbdda9075db" testId="11438475-3fa1-a629-d593-64a2841e0d59" testName="CanDecrypt_ShouldReturnFalse_WhenSymmetricEncryptionThrowsDecryptException" computerName="DKSR-EFI-06" duration="00:00:00.0029427" startTime="2024-01-09T15:43:29.5603771+01:00" endTime="2024-01-09T15:43:29.5603771+01:00" testType="13cdc9d9-ddb5-4fa4-a97d-d965ccfc6d4b" outcome="Passed" testListId="8c84fa94-04c1-424b-9868-57a2d4851a1d" relativeResultsDirectory="7e9e4180-fa1e-434a-81f4-6dbdda9075db" />
    <UnitTestResult executionId="d2258c8e-b608-45db-afb0-ff1ecb5283c7" testId="a0ff269a-4deb-e8b2-d80e-b05a31c6bf35" testName="Uninstall_ShouldNotFail" computerName="DKSR-EFI-06" duration="00:00:00.0008043" startTime="2024-01-09T15:43:27.8728791+01:00" endTime="2024-01-09T15:43:27.8728791+01:00" testType="13cdc9d9-ddb5-4fa4-a97d-d965ccfc6d4b" outcome="Passed" testListId="8c84fa94-04c1-424b-9868-57a2d4851a1d" relativeResultsDirectory="d2258c8e-b608-45db-afb0-ff1ecb5283c7" />
    <UnitTestResult executionId="68b997ca-d68b-43ee-b98b-b60751c5c10b" testId="36a0c4b1-c6b3-d650-34d2-0ce340a88cc7" testName="Decrypt_ShouldRaiseArgumentNullException_WhenEncryptedContentIsNull" computerName="DKSR-EFI-06" duration="00:00:00.0006003" startTime="2024-01-09T15:43:29.4822530+01:00" endTime="2024-01-09T15:43:29.4822530+01:00" testType="13cdc9d9-ddb5-4fa4-a97d-d965ccfc6d4b" outcome="Passed" testListId="8c84fa94-04c1-424b-9868-57a2d4851a1d" relativeResultsDirectory="68b997ca-d68b-43ee-b98b-b60751c5c10b" />
    <UnitTestResult executionId="81a60481-37ea-4a42-bc6b-111a6eb123cd" testId="2b06e588-d26b-3e99-f0ca-231a3a0bc3bd" testName="GetAll_ShouldReturnCorrectValues" computerName="DKSR-EFI-06" duration="00:00:00.0547545" startTime="2024-01-09T15:43:29.8572528+01:00" endTime="2024-01-09T15:43:29.9197526+01:00" testType="13cdc9d9-ddb5-4fa4-a97d-d965ccfc6d4b" outcome="Passed" testListId="8c84fa94-04c1-424b-9868-57a2d4851a1d" relativeResultsDirectory="81a60481-37ea-4a42-bc6b-111a6eb123cd" />
    <UnitTestResult executionId="e74a74d9-8173-4ae2-8ca1-1a16e55574c7" testId="cdbf1535-3dbf-33cc-7f90-cfa90525b719" testName="SqlConnectionStorage_Verify_DataIsWritten" computerName="DKSR-EFI-06" duration="00:00:00.0046380" startTime="2024-01-09T15:43:28.7635040+01:00" endTime="2024-01-09T15:43:28.7635040+01:00" testType="13cdc9d9-ddb5-4fa4-a97d-d965ccfc6d4b" outcome="Passed" testListId="8c84fa94-04c1-424b-9868-57a2d4851a1d" relativeResultsDirectory="e74a74d9-8173-4ae2-8ca1-1a16e55574c7" />
    <UnitTestResult executionId="c2063e9c-0cd9-4af0-8ff2-579d8cb74685" testId="b4b8ba27-07b4-6b97-1303-07dac956b05e" testName="Encrypt_ShouldRaiseArgumentNullException_WhenUnencryptedContentIsNull" computerName="DKSR-EFI-06" duration="00:00:00.0012534" startTime="2024-01-09T15:43:29.5603771+01:00" endTime="2024-01-09T15:43:29.5603771+01:00" testType="13cdc9d9-ddb5-4fa4-a97d-d965ccfc6d4b" outcome="Passed" testListId="8c84fa94-04c1-424b-9868-57a2d4851a1d" relativeResultsDirectory="c2063e9c-0cd9-4af0-8ff2-579d8cb74685" />
    <UnitTestResult executionId="c07036b2-ffb9-4ccf-85b9-e5f904b11bfb" testId="fa56fabd-0159-1bbc-29bd-53bf2717d56d" testName="IsEnterprise_ShouldFailWhenParametersIsNull" computerName="DKSR-EFI-06" duration="00:00:00.0008086" startTime="2024-01-09T15:43:27.6072525+01:00" endTime="2024-01-09T15:43:27.6072525+01:00" testType="13cdc9d9-ddb5-4fa4-a97d-d965ccfc6d4b" outcome="Passed" testListId="8c84fa94-04c1-424b-9868-57a2d4851a1d" relativeResultsDirectory="c07036b2-ffb9-4ccf-85b9-e5f904b11bfb" />
    <UnitTestResult executionId="66924a21-900a-4042-bdc7-0c888c5eac99" testId="fcbbe868-1da9-c1d8-a819-22ddf2cb2b2b" testName="UnregisterEventServerService_ShouldUnregisterWhenRegistryInstanceExists" computerName="DKSR-EFI-06" duration="00:00:00.0077101" startTime="2024-01-09T15:43:27.5760043+01:00" endTime="2024-01-09T15:43:27.5916285+01:00" testType="13cdc9d9-ddb5-4fa4-a97d-d965ccfc6d4b" outcome="Passed" testListId="8c84fa94-04c1-424b-9868-57a2d4851a1d" relativeResultsDirectory="66924a21-900a-4042-bdc7-0c888c5eac99" />
    <UnitTestResult executionId="81a913d5-2051-4f9f-a8c0-2a3bd2c90776" testId="debef036-7aef-e23a-3725-29172b0a81a6" testName="WhenMd5GuidHashingCreatorWithNullValuesThenNullArgumentException" computerName="DKSR-EFI-06" duration="00:00:00.0084410" startTime="2024-01-09T15:43:26.2322509+01:00" endTime="2024-01-09T15:43:26.2478780+01:00" testType="13cdc9d9-ddb5-4fa4-a97d-d965ccfc6d4b" outcome="Passed" testListId="8c84fa94-04c1-424b-9868-57a2d4851a1d" relativeResultsDirectory="81a913d5-2051-4f9f-a8c0-2a3bd2c90776" />
    <UnitTestResult executionId="4993c061-b138-4f5c-b845-fef29e3639b0" testId="2c35e318-8319-c7c0-3d1b-0b4d83b4c53d" testName="Exception_Is_Thrown_When_ApplyCertificatesForEndpointsToBeInstalled_Returns_Unspecified_Error" computerName="DKSR-EFI-06" duration="00:00:00.0348681" startTime="2024-01-09T15:43:28.3103779+01:00" endTime="2024-01-09T15:43:28.3416305+01:00" testType="13cdc9d9-ddb5-4fa4-a97d-d965ccfc6d4b" outcome="Passed" testListId="8c84fa94-04c1-424b-9868-57a2d4851a1d" relativeResultsDirectory="4993c061-b138-4f5c-b845-fef29e3639b0" />
    <UnitTestResult executionId="867f2eba-9a41-40b1-88ad-5c506d4470b2" testId="62b4a797-7c58-a8e6-0a85-b6b9b4bf7371" testName="UnregisterEventServerService_ShouldUseHttpSchemeIffHasNoCertificates (False,http)" computerName="DKSR-EFI-06" duration="00:00:00.0006277" startTime="2024-01-09T15:43:27.5760043+01:00" endTime="2024-01-09T15:43:27.5760043+01:00" testType="13cdc9d9-ddb5-4fa4-a97d-d965ccfc6d4b" outcome="Passed" testListId="8c84fa94-04c1-424b-9868-57a2d4851a1d" relativeResultsDirectory="867f2eba-9a41-40b1-88ad-5c506d4470b2" />
    <UnitTestResult executionId="662129b9-a7ef-464f-a688-3a7009013ee1" testId="598d2d4c-0b45-be8d-8ae7-72cb5bfdef58" testName="WhenRulesDocumentUpdatedMethodIsCalledThenEventTypeIdIsReplacedWithNewEventTypeId" computerName="DKSR-EFI-06" duration="00:00:00.1353953" startTime="2024-01-09T15:43:26.7010028+01:00" endTime="2024-01-09T15:43:26.8416275+01:00" testType="13cdc9d9-ddb5-4fa4-a97d-d965ccfc6d4b" outcome="Passed" testListId="8c84fa94-04c1-424b-9868-57a2d4851a1d" relativeResultsDirectory="662129b9-a7ef-464f-a688-3a7009013ee1" />
    <UnitTestResult executionId="c70816b3-ab29-4def-92a8-9b0e756cbf11" testId="7343f979-38b0-911d-a618-e6896cb3cfd0" testName="Start_ShouldNotInstallMsi_AndExecuteConfigurators_WhenInFinalizeMode" computerName="DKSR-EFI-06" duration="00:00:00.3674226" startTime="2024-01-09T15:43:28.3885043+01:00" endTime="2024-01-09T15:43:28.7478774+01:00" testType="13cdc9d9-ddb5-4fa4-a97d-d965ccfc6d4b" outcome="Passed" testListId="8c84fa94-04c1-424b-9868-57a2d4851a1d" relativeResultsDirectory="c70816b3-ab29-4def-92a8-9b0e756cbf11" />
    <UnitTestResult executionId="c0805393-0267-497e-a0dc-3d6b1b61ac4a" testId="e06bd3e0-529e-8838-50da-1bb59e3e3da2" testName="Constructor_ShouldRaiseArgumentNullException_WhenKeyIsNull" computerName="DKSR-EFI-06" duration="00:00:00.0011214" startTime="2024-01-09T15:43:29.4822530+01:00" endTime="2024-01-09T15:43:29.4979212+01:00" testType="13cdc9d9-ddb5-4fa4-a97d-d965ccfc6d4b" outcome="Passed" testListId="8c84fa94-04c1-424b-9868-57a2d4851a1d" relativeResultsDirectory="c0805393-0267-497e-a0dc-3d6b1b61ac4a" />
    <UnitTestResult executionId="cf7d2b4e-ebb7-428c-a87a-6a543c193f5b" testId="4c802b83-8cc5-6f82-c220-b53a3c26aaf1" testName="EncryptToBase64String_ShouldRaiseArgumentNullException_WhenValueIsNull" computerName="DKSR-EFI-06" duration="00:00:00.0010724" startTime="2024-01-09T15:43:29.4979212+01:00" endTime="2024-01-09T15:43:29.4979212+01:00" testType="13cdc9d9-ddb5-4fa4-a97d-d965ccfc6d4b" outcome="Passed" testListId="8c84fa94-04c1-424b-9868-57a2d4851a1d" relativeResultsDirectory="cf7d2b4e-ebb7-428c-a87a-6a543c193f5b" />
    <UnitTestResult executionId="5e163132-5d4c-4da0-a74f-e684857b4dc0" testId="e490666c-3c71-0c62-13b6-dd38c6307229" testName="GetEvents_ShouldReturnCorrectValues" computerName="DKSR-EFI-06" duration="00:00:00.0365857" startTime="2024-01-09T15:43:29.9197526+01:00" endTime="2024-01-09T15:43:29.9510039+01:00" testType="13cdc9d9-ddb5-4fa4-a97d-d965ccfc6d4b" outcome="Passed" testListId="8c84fa94-04c1-424b-9868-57a2d4851a1d" relativeResultsDirectory="5e163132-5d4c-4da0-a74f-e684857b4dc0" />
    <UnitTestResult executionId="6f1d422a-35c3-47a9-bc8d-fbf911e8363a" testId="85ffc384-444a-6701-5e4f-49e25d5c0373" testName="RunInFinalizeMode_ShouldBeTrue" computerName="DKSR-EFI-06" duration="00:00:00.2256699" startTime="2024-01-09T15:43:27.6072525+01:00" endTime="2024-01-09T15:43:27.8416262+01:00" testType="13cdc9d9-ddb5-4fa4-a97d-d965ccfc6d4b" outcome="Passed" testListId="8c84fa94-04c1-424b-9868-57a2d4851a1d" relativeResultsDirectory="6f1d422a-35c3-47a9-bc8d-fbf911e8363a" />
    <UnitTestResult executionId="f9a2c675-6978-4f1b-96d7-570d13bbb5e2" testId="ca7eaad0-c6ab-7123-b08d-cde1fd13bfc6" testName="UnencryptedMasterKey_ShouldRaiseKeyStorageException_WhenLogIsNull" computerName="DKSR-EFI-06" duration="00:00:00.0116677" startTime="2024-01-09T15:43:29.5291271+01:00" endTime="2024-01-09T15:43:29.5291271+01:00" testType="13cdc9d9-ddb5-4fa4-a97d-d965ccfc6d4b" outcome="Passed" testListId="8c84fa94-04c1-424b-9868-57a2d4851a1d" relativeResultsDirectory="f9a2c675-6978-4f1b-96d7-570d13bbb5e2" />
    <UnitTestResult executionId="8a5ad44d-1da0-476f-9739-30c29ff735a7" testId="c24a3d08-0fad-3d66-eff2-4a2291ba303d" testName="WhenGetCategoriesThenBuildInAndPluginCategoriesPairsMd5Sha1Returned" computerName="DKSR-EFI-06" duration="00:00:00.0775543" startTime="2024-01-09T15:43:26.2478780+01:00" endTime="2024-01-09T15:43:26.3260029+01:00" testType="13cdc9d9-ddb5-4fa4-a97d-d965ccfc6d4b" outcome="Passed" testListId="8c84fa94-04c1-424b-9868-57a2d4851a1d" relativeResultsDirectory="8a5ad44d-1da0-476f-9739-30c29ff735a7" />
    <UnitTestResult executionId="f0f40265-5dd4-4c5f-aed6-2d89a5d79c46" testId="6904abd7-eceb-1e94-5aef-abddaf6cba44" testName="Constructor_ShouldRaiseArgumentNullException_WhenDestinationEncryptionControllerIsNull" computerName="DKSR-EFI-06" duration="00:00:00.0007826" startTime="2024-01-09T15:43:29.6385035+01:00" endTime="2024-01-09T15:43:29.6385035+01:00" testType="13cdc9d9-ddb5-4fa4-a97d-d965ccfc6d4b" outcome="Passed" testListId="8c84fa94-04c1-424b-9868-57a2d4851a1d" relativeResultsDirectory="f0f40265-5dd4-4c5f-aed6-2d89a5d79c46" />
    <UnitTestResult executionId="ccf08bf9-8b06-4793-988c-d2b2b4da481a" testId="889d311d-cae1-351a-69cd-f38bf34c398d" testName="Install_ShouldNotFail" computerName="DKSR-EFI-06" duration="00:00:00.0006813" startTime="2024-01-09T15:43:28.7791310+01:00" endTime="2024-01-09T15:43:28.7791310+01:00" testType="13cdc9d9-ddb5-4fa4-a97d-d965ccfc6d4b" outcome="Passed" testListId="8c84fa94-04c1-424b-9868-57a2d4851a1d" relativeResultsDirectory="ccf08bf9-8b06-4793-988c-d2b2b4da481a" />
    <UnitTestResult executionId="ee23cae9-c762-49f7-93e4-792b89f550b2" testId="570f7a38-e087-44e8-7a66-dbe93afadb60" testName="UnregisterEventServerService_ShouldUseHttpSchemeIffHasNoCertificates (True,https)" computerName="DKSR-EFI-06" duration="00:00:00.6001416" startTime="2024-01-09T15:43:26.8416275+01:00" endTime="2024-01-09T15:43:27.5760043+01:00" testType="13cdc9d9-ddb5-4fa4-a97d-d965ccfc6d4b" outcome="Passed" testListId="8c84fa94-04c1-424b-9868-57a2d4851a1d" relativeResultsDirectory="ee23cae9-c762-49f7-93e4-792b89f550b2" />
    <UnitTestResult executionId="c9525328-c8f3-4ef5-b930-72c76e988fe1" testId="455235c4-0442-78c6-3aae-212e3477b0f5" testName="GetEncryptedACSystemManagerPasswordPropertiesValue_ShouldRaiseArgumentNullException_WhenAcPluginPasswordPropertiesNameIsNull" computerName="DKSR-EFI-06" duration="00:00:00.0010805" startTime="2024-01-09T15:43:29.7010026+01:00" endTime="2024-01-09T15:43:29.7010026+01:00" testType="13cdc9d9-ddb5-4fa4-a97d-d965ccfc6d4b" outcome="Passed" testListId="8c84fa94-04c1-424b-9868-57a2d4851a1d" relativeResultsDirectory="c9525328-c8f3-4ef5-b930-72c76e988fe1" />
    <UnitTestResult executionId="ae22f41e-d491-4b35-8a32-d18023f8ca97" testId="9fdbfd50-cf59-ef77-764b-173496a13139" testName="GetGroups_ShouldReturnCorrectValues" computerName="DKSR-EFI-06" duration="00:00:00.0443578" startTime="2024-01-09T15:43:29.9510039+01:00" endTime="2024-01-09T15:43:29.9978787+01:00" testType="13cdc9d9-ddb5-4fa4-a97d-d965ccfc6d4b" outcome="Passed" testListId="8c84fa94-04c1-424b-9868-57a2d4851a1d" relativeResultsDirectory="ae22f41e-d491-4b35-8a32-d18023f8ca97" />
    <UnitTestResult executionId="c04e562c-6ec1-4043-8aff-6824145b099c" testId="c1a216f3-241e-3470-21a6-45535908e778" testName="RunInHardwareManufacturerMode_ShouldBeTrue" computerName="DKSR-EFI-06" duration="00:00:00.0006905" startTime="2024-01-09T15:43:27.8416262+01:00" endTime="2024-01-09T15:43:27.8416262+01:00" testType="13cdc9d9-ddb5-4fa4-a97d-d965ccfc6d4b" outcome="Passed" testListId="8c84fa94-04c1-424b-9868-57a2d4851a1d" relativeResultsDirectory="c04e562c-6ec1-4043-8aff-6824145b099c" />
    <UnitTestResult executionId="e512ecdf-04c4-40ba-8472-ed85f13fcf7c" testId="afd06f84-d2bc-8d00-7581-27b5efe9ba19" testName="CheckPrequisite_ShouldReturnFalse" computerName="DKSR-EFI-06" duration="00:00:00.0062908" startTime="2024-01-09T15:43:28.7635040+01:00" endTime="2024-01-09T15:43:28.7791310+01:00" testType="13cdc9d9-ddb5-4fa4-a97d-d965ccfc6d4b" outcome="Passed" testListId="8c84fa94-04c1-424b-9868-57a2d4851a1d" relativeResultsDirectory="e512ecdf-04c4-40ba-8472-ed85f13fcf7c" />
    <UnitTestResult executionId="4927ceee-dda1-40a1-aac0-385d7223675e" testId="8adddc19-e456-714c-f506-ecc2b0ac3c0f" testName="IsMigrationRequired_ShouldReturnTrue_WhenIsFreshInstallationIsFalseAndAccessControlSystemCredentialsToBeMigratedAreNotEmpty" computerName="DKSR-EFI-06" duration="00:00:00.0040658" startTime="2024-01-09T15:43:29.5916308+01:00" endTime="2024-01-09T15:43:29.5916308+01:00" testType="13cdc9d9-ddb5-4fa4-a97d-d965ccfc6d4b" outcome="Passed" testListId="8c84fa94-04c1-424b-9868-57a2d4851a1d" relativeResultsDirectory="4927ceee-dda1-40a1-aac0-385d7223675e" />
    <UnitTestResult executionId="a652cd20-ef54-4bbc-ac1b-2f82f18d92f5" testId="dcfc6f19-5f45-f920-ab3a-8ff45595b83e" testName="GetSubKinds_ShouldReturnCorrectValues" computerName="DKSR-EFI-06" duration="00:00:00.0259064" startTime="2024-01-09T15:43:29.9978787+01:00" endTime="2024-01-09T15:43:30.0291287+01:00" testType="13cdc9d9-ddb5-4fa4-a97d-d965ccfc6d4b" outcome="Passed" testListId="8c84fa94-04c1-424b-9868-57a2d4851a1d" relativeResultsDirectory="a652cd20-ef54-4bbc-ac1b-2f82f18d92f5" />
    <UnitTestResult executionId="e78e9efd-dc03-47be-b1b1-6794f8b46836" testId="89048dce-191e-00b7-8de1-0341de920f9c" testName="ErrorMessage_Is_Logged_When_RemoveClientEndpointInstalled_Throws_Exception" computerName="DKSR-EFI-06" duration="00:00:00.0055422" startTime="2024-01-09T15:43:29.2635045+01:00" endTime="2024-01-09T15:43:29.2791284+01:00" testType="13cdc9d9-ddb5-4fa4-a97d-d965ccfc6d4b" outcome="Passed" testListId="8c84fa94-04c1-424b-9868-57a2d4851a1d" relativeResultsDirectory="e78e9efd-dc03-47be-b1b1-6794f8b46836" />
    <UnitTestResult executionId="7064805a-fa3f-45d6-a395-7c58b3551f5b" testId="d6a58865-52e2-8720-db3e-4025050374d0" testName="Constructor_ShouldRaiseArgumentNullException_WhenLogIsNull" computerName="DKSR-EFI-06" duration="00:00:00.0064164" startTime="2024-01-09T15:43:29.5135037+01:00" endTime="2024-01-09T15:43:29.5135037+01:00" testType="13cdc9d9-ddb5-4fa4-a97d-d965ccfc6d4b" outcome="Passed" testListId="8c84fa94-04c1-424b-9868-57a2d4851a1d" relativeResultsDirectory="7064805a-fa3f-45d6-a395-7c58b3551f5b" />
    <UnitTestResult executionId="ad3427d1-f84f-4f8f-909b-948ea6f49db9" testId="c0afae20-0d21-d3f9-b148-255c20cfcbf8" testName="Finalize_ShouldNotFail" computerName="DKSR-EFI-06" duration="00:00:00.0007216" startTime="2024-01-09T15:43:27.8416262+01:00" endTime="2024-01-09T15:43:27.8572546+01:00" testType="13cdc9d9-ddb5-4fa4-a97d-d965ccfc6d4b" outcome="Passed" testListId="8c84fa94-04c1-424b-9868-57a2d4851a1d" relativeResultsDirectory="ad3427d1-f84f-4f8f-909b-948ea6f49db9" />
    <UnitTestResult executionId="aa316b67-11f7-4575-b96c-db9b7a104891" testId="63fc7eba-daed-5cd1-929b-1bc15f4e007c" testName="Constructor_ShouldRaiseArgumentNullException_WhenAccessControlMipPluginsProviderIsNull" computerName="DKSR-EFI-06" duration="00:00:00.0046098" startTime="2024-01-09T15:43:29.6228783+01:00" endTime="2024-01-09T15:43:29.6228783+01:00" testType="13cdc9d9-ddb5-4fa4-a97d-d965ccfc6d4b" outcome="Passed" testListId="8c84fa94-04c1-424b-9868-57a2d4851a1d" relativeResultsDirectory="aa316b67-11f7-4575-b96c-db9b7a104891" />
    <UnitTestResult executionId="5123610c-3736-4c9c-87c4-0103c66926d2" testId="17877695-da28-eccc-c4f8-e9f3e4cf5004" testName="CheckPrequisite_ShouldReturnFalse" computerName="DKSR-EFI-06" duration="00:00:00.0007756" startTime="2024-01-09T15:43:27.8416262+01:00" endTime="2024-01-09T15:43:27.8416262+01:00" testType="13cdc9d9-ddb5-4fa4-a97d-d965ccfc6d4b" outcome="Passed" testListId="8c84fa94-04c1-424b-9868-57a2d4851a1d" relativeResultsDirectory="5123610c-3736-4c9c-87c4-0103c66926d2" />
    <UnitTestResult executionId="0cd34e69-d067-420d-9ad4-cf2358b79e5f" testId="cc8c04ba-678d-f70e-5c9d-ce3418af3dc0" testName="WhenUpdateThenACCredentialsAreUpdated" computerName="DKSR-EFI-06" duration="00:00:00.1768829" startTime="2024-01-09T15:43:26.5291257+01:00" endTime="2024-01-09T15:43:26.7010028+01:00" testType="13cdc9d9-ddb5-4fa4-a97d-d965ccfc6d4b" outcome="Passed" testListId="8c84fa94-04c1-424b-9868-57a2d4851a1d" relativeResultsDirectory="0cd34e69-d067-420d-9ad4-cf2358b79e5f" />
    <UnitTestResult executionId="7c459540-69a8-4011-a15d-8f5aa4fbed88" testId="e560b7f5-f0ab-986d-676f-4a15a537fc9c" testName="Start_ShouldInstallMsi_AndExecuteConfigurators_WhenInNormalMode" computerName="DKSR-EFI-06" duration="00:00:00.0037366" startTime="2024-01-09T15:43:28.7478774+01:00" endTime="2024-01-09T15:43:28.7635040+01:00" testType="13cdc9d9-ddb5-4fa4-a97d-d965ccfc6d4b" outcome="Passed" testListId="8c84fa94-04c1-424b-9868-57a2d4851a1d" relativeResultsDirectory="7c459540-69a8-4011-a15d-8f5aa4fbed88" />
    <UnitTestResult executionId="0439d80f-9742-4756-b68e-e025a0de4594" testId="edd57013-394e-0693-7244-5b271c6a0192" testName="CanDecrypt_ShouldReturnFalse_WhenEncryptedContentIsNotEncrypted" computerName="DKSR-EFI-06" duration="00:00:00.0144521" startTime="2024-01-09T15:43:29.4510030+01:00" endTime="2024-01-09T15:43:29.4666295+01:00" testType="13cdc9d9-ddb5-4fa4-a97d-d965ccfc6d4b" outcome="Passed" testListId="8c84fa94-04c1-424b-9868-57a2d4851a1d" relativeResultsDirectory="0439d80f-9742-4756-b68e-e025a0de4594" />
    <UnitTestResult executionId="58ec87a4-730e-4179-967c-8c1849fd8503" testId="1a59638a-b129-1c53-4d9e-6063e65f7fb6" testName="Constructor_ShouldRaiseArgumentNullException_WhenSymmetricEncryptionIsNull" computerName="DKSR-EFI-06" duration="00:00:00.0018966" startTime="2024-01-09T15:43:29.5447566+01:00" endTime="2024-01-09T15:43:29.5447566+01:00" testType="13cdc9d9-ddb5-4fa4-a97d-d965ccfc6d4b" outcome="Passed" testListId="8c84fa94-04c1-424b-9868-57a2d4851a1d" relativeResultsDirectory="58ec87a4-730e-4179-967c-8c1849fd8503" />
    <UnitTestResult executionId="a2052334-71c3-456f-aae8-aecf3d0bde33" testId="3dd08ff4-9e35-a831-3721-f60df872dbb6" testName="Initialize_ShouldNotFail" computerName="DKSR-EFI-06" duration="00:00:00.0007211" startTime="2024-01-09T15:43:28.7791310+01:00" endTime="2024-01-09T15:43:28.7791310+01:00" testType="13cdc9d9-ddb5-4fa4-a97d-d965ccfc6d4b" outcome="Passed" testListId="8c84fa94-04c1-424b-9868-57a2d4851a1d" relativeResultsDirectory="a2052334-71c3-456f-aae8-aecf3d0bde33" />
    <UnitTestResult executionId="a7cba536-0cff-4c93-8e43-ea6518cbd976" testId="ad421100-7121-9b39-1de3-c0660dcc065c" testName="GetEncryptedMigratedACPasswordPropertyValue_ShouldRaiseArgumentNullException_WhenNotMigratedEncryptedACPasswordPropertyValueIsNull" computerName="DKSR-EFI-06" duration="00:00:00.0009679" startTime="2024-01-09T15:43:29.7166295+01:00" endTime="2024-01-09T15:43:29.7166295+01:00" testType="13cdc9d9-ddb5-4fa4-a97d-d965ccfc6d4b" outcome="Passed" testListId="8c84fa94-04c1-424b-9868-57a2d4851a1d" relativeResultsDirectory="a7cba536-0cff-4c93-8e43-ea6518cbd976" />
    <UnitTestResult executionId="13575d45-eca1-4d47-b395-76e4d9292034" testId="5ec4e238-b007-7aa1-5c83-2a6198e29491" testName="WhenFileDontExistsThenNoUpdate" computerName="DKSR-EFI-06" duration="00:00:00.0607926" startTime="2024-01-09T15:43:26.3260029+01:00" endTime="2024-01-09T15:43:26.3885021+01:00" testType="13cdc9d9-ddb5-4fa4-a97d-d965ccfc6d4b" outcome="Passed" testListId="8c84fa94-04c1-424b-9868-57a2d4851a1d" relativeResultsDirectory="13575d45-eca1-4d47-b395-76e4d9292034" />
    <UnitTestResult executionId="43750192-04bf-4116-875c-d7b7c580067b" testId="ea2116a0-3a43-a70e-26c7-8bb46c9d3c83" testName="CanDecrypt_ShouldRaiseArgumentNullException_WhenEncryptedContentIsNull" computerName="DKSR-EFI-06" duration="00:00:00.0065088" startTime="2024-01-09T15:43:29.5447566+01:00" endTime="2024-01-09T15:43:29.5447566+01:00" testType="13cdc9d9-ddb5-4fa4-a97d-d965ccfc6d4b" outcome="Passed" testListId="8c84fa94-04c1-424b-9868-57a2d4851a1d" relativeResultsDirectory="43750192-04bf-4116-875c-d7b7c580067b" />
    <UnitTestResult executionId="8ab0cebc-b394-44ef-b454-ae62de46dfbc" testId="34153896-7eea-179d-86a9-8c5590b1a558" testName="Decrypt_ShouldRaiseDecryptException_WhenEncryptedContentIsNull" computerName="DKSR-EFI-06" duration="00:00:00.0013815" startTime="2024-01-09T15:43:29.5760039+01:00" endTime="2024-01-09T15:43:29.5760039+01:00" testType="13cdc9d9-ddb5-4fa4-a97d-d965ccfc6d4b" outcome="Passed" testListId="8c84fa94-04c1-424b-9868-57a2d4851a1d" relativeResultsDirectory="8ab0cebc-b394-44ef-b454-ae62de46dfbc" />
    <UnitTestResult executionId="4e82b3c3-be67-4a8e-a7d7-00e5fecb2dd0" testId="842ab43b-d837-6ec7-51eb-47adf3ed3356" testName="Initialize_ShouldNotFail" computerName="DKSR-EFI-06" duration="00:00:00.0017889" startTime="2024-01-09T15:43:27.8572546+01:00" endTime="2024-01-09T15:43:27.8572546+01:00" testType="13cdc9d9-ddb5-4fa4-a97d-d965ccfc6d4b" outcome="Passed" testListId="8c84fa94-04c1-424b-9868-57a2d4851a1d" relativeResultsDirectory="4e82b3c3-be67-4a8e-a7d7-00e5fecb2dd0" />
    <UnitTestResult executionId="a248bcf0-6cab-4057-bd52-939d423b9875" testId="599d1174-ef5d-a494-0cea-bfa231d276ed" testName="Install_ShouldNotExecuteConfigurators" computerName="DKSR-EFI-06" duration="00:00:00.0102881" startTime="2024-01-09T15:43:27.8572546+01:00" endTime="2024-01-09T15:43:27.8728791+01:00" testType="13cdc9d9-ddb5-4fa4-a97d-d965ccfc6d4b" outcome="Passed" testListId="8c84fa94-04c1-424b-9868-57a2d4851a1d" relativeResultsDirectory="a248bcf0-6cab-4057-bd52-939d423b9875" />
    <UnitTestResult executionId="2325d52a-b6f6-4219-a742-857e0a188d0e" testId="29da7563-10b8-43a9-7977-b009824dfcd1" testName="Constructor_ShouldRaiseArgumentNullException_WhenAccessControlCredentialsProviderIsNull" computerName="DKSR-EFI-06" duration="00:00:00.0019795" startTime="2024-01-09T15:43:29.5916308+01:00" endTime="2024-01-09T15:43:29.5916308+01:00" testType="13cdc9d9-ddb5-4fa4-a97d-d965ccfc6d4b" outcome="Passed" testListId="8c84fa94-04c1-424b-9868-57a2d4851a1d" relativeResultsDirectory="2325d52a-b6f6-4219-a742-857e0a188d0e" />
    <UnitTestResult executionId="99d4cb51-feec-487e-8846-9dddc5461b5b" testId="f71823a0-7df6-c6a3-5b47-6a844aa3bde2" testName="GetAccessControlSystems_ShouldReturnCorrectValues" computerName="DKSR-EFI-06" duration="00:00:00.0290802" startTime="2024-01-09T15:43:29.7322555+01:00" endTime="2024-01-09T15:43:29.7635017+01:00" testType="13cdc9d9-ddb5-4fa4-a97d-d965ccfc6d4b" outcome="Passed" testListId="8c84fa94-04c1-424b-9868-57a2d4851a1d" relativeResultsDirectory="99d4cb51-feec-487e-8846-9dddc5461b5b" />
    <UnitTestResult executionId="6bdd69d7-5b13-4872-a620-bf16823a6140" testId="58643e0d-60ae-2621-32d3-d575d3b58145" testName="Decrypt_ShouldReturnUnencryptedContent_WhenEncryptedContentIsValid" computerName="DKSR-EFI-06" duration="00:00:00.0004527" startTime="2024-01-09T15:43:29.4822530+01:00" endTime="2024-01-09T15:43:29.4822530+01:00" testType="13cdc9d9-ddb5-4fa4-a97d-d965ccfc6d4b" outcome="Passed" testListId="8c84fa94-04c1-424b-9868-57a2d4851a1d" relativeResultsDirectory="6bdd69d7-5b13-4872-a620-bf16823a6140" />
    <UnitTestResult executionId="973b2740-434d-4cce-b9da-623436968af7" testId="96c9820c-7c90-8f40-37bb-d158b655091a" testName="CanDecrypt_ShouldReturnTrue_WhenSymmetricEncryptionReturnsContent" computerName="DKSR-EFI-06" duration="00:00:00.0009071" startTime="2024-01-09T15:43:29.5603771+01:00" endTime="2024-01-09T15:43:29.5603771+01:00" testType="13cdc9d9-ddb5-4fa4-a97d-d965ccfc6d4b" outcome="Passed" testListId="8c84fa94-04c1-424b-9868-57a2d4851a1d" relativeResultsDirectory="973b2740-434d-4cce-b9da-623436968af7" />
    <UnitTestResult executionId="5485d558-fee1-4d5a-a22b-6672943b870e" testId="cb513d70-86c8-488d-14d1-69c872f446f2" testName="AccessControlSystemCredentialsToBeMigrated_ShouldReturnTwoElements_WhenDestinationEncryptionControllerCannotDecryptTwoElements" computerName="DKSR-EFI-06" duration="00:00:00.0063999" startTime="2024-01-09T15:43:29.6853791+01:00" endTime="2024-01-09T15:43:29.6853791+01:00" testType="13cdc9d9-ddb5-4fa4-a97d-d965ccfc6d4b" outcome="Passed" testListId="8c84fa94-04c1-424b-9868-57a2d4851a1d" relativeResultsDirectory="5485d558-fee1-4d5a-a22b-6672943b870e" />
    <UnitTestResult executionId="33590108-bfc1-4873-8e85-520f77b7b469" testId="492e084d-6db3-c91f-76dd-ab224ffb20ce" testName="AccessControlSystemCredentialsToBeMigrated_ShouldReturnNoElements_WhenDestinationEncryptionControllerCanDecrypt" computerName="DKSR-EFI-06" duration="00:00:00.0388966" startTime="2024-01-09T15:43:29.6385035+01:00" endTime="2024-01-09T15:43:29.6853791+01:00" testType="13cdc9d9-ddb5-4fa4-a97d-d965ccfc6d4b" outcome="Passed" testListId="8c84fa94-04c1-424b-9868-57a2d4851a1d" relativeResultsDirectory="33590108-bfc1-4873-8e85-520f77b7b469" />
    <UnitTestResult executionId="eda90b67-797a-4863-bc26-5e9ad1010e08" testId="749f4054-2f94-d36a-adad-5ca571147f15" testName="Finalize_ShouldNotFail" computerName="DKSR-EFI-06" duration="00:00:00.0008267" startTime="2024-01-09T15:43:28.7791310+01:00" endTime="2024-01-09T15:43:28.7791310+01:00" testType="13cdc9d9-ddb5-4fa4-a97d-d965ccfc6d4b" outcome="Passed" testListId="8c84fa94-04c1-424b-9868-57a2d4851a1d" relativeResultsDirectory="eda90b67-797a-4863-bc26-5e9ad1010e08" />
    <UnitTestResult executionId="ac79fbf1-80c8-4fd7-875f-0138bd338b1e" testId="10679be5-b06e-3d9d-c8a3-b3be6d3a84bd" testName="CombineGuids_ReturnsCorrectGuid" computerName="DKSR-EFI-06" duration="00:00:00.0003094" startTime="2024-01-09T15:43:30.0291287+01:00" endTime="2024-01-09T15:43:30.0447534+01:00" testType="13cdc9d9-ddb5-4fa4-a97d-d965ccfc6d4b" outcome="Passed" testListId="8c84fa94-04c1-424b-9868-57a2d4851a1d" relativeResultsDirectory="ac79fbf1-80c8-4fd7-875f-0138bd338b1e" />
    <UnitTestResult executionId="1be01e15-2cbe-40ad-b91e-c3a3f999fa1f" testId="b611df29-e9f4-3a78-1fe6-d606b8a05367" testName="GetNotMigratedEncryptedACPasswordPropertiesValue_ShouldRaiseArgumentNullException_WhenAcPluginPasswordPropertiesValueIsNull" computerName="DKSR-EFI-06" duration="00:00:00.0010133" startTime="2024-01-09T15:43:29.7010026+01:00" endTime="2024-01-09T15:43:29.7010026+01:00" testType="13cdc9d9-ddb5-4fa4-a97d-d965ccfc6d4b" outcome="Passed" testListId="8c84fa94-04c1-424b-9868-57a2d4851a1d" relativeResultsDirectory="1be01e15-2cbe-40ad-b91e-c3a3f999fa1f" />
    <UnitTestResult executionId="86e5a346-73c5-4d2c-be00-162b46ed2e9b" testId="4d6937b5-d3c5-23d5-d612-b8dfa167c339" testName="ErrorMessage_Is_Logged_When_RemoveServerEndpointInstalled_Throws_Exception" computerName="DKSR-EFI-06" duration="00:00:00.1627365" startTime="2024-01-09T15:43:29.1072543+01:00" endTime="2024-01-09T15:43:29.2635045+01:00" testType="13cdc9d9-ddb5-4fa4-a97d-d965ccfc6d4b" outcome="Passed" testListId="8c84fa94-04c1-424b-9868-57a2d4851a1d" relativeResultsDirectory="86e5a346-73c5-4d2c-be00-162b46ed2e9b" />
    <UnitTestResult executionId="0157f62d-cb2d-4b7f-837f-e6b1906fc25f" testId="cd04cbdd-b6e3-9dbe-9451-611fb0aebc06" testName="Start_ShouldNotRunTrapAppConfigurator_WhenHwmmNotInstalled" computerName="DKSR-EFI-06" duration="00:00:00.0011442" startTime="2024-01-09T15:43:29.2791284+01:00" endTime="2024-01-09T15:43:29.2791284+01:00" testType="13cdc9d9-ddb5-4fa4-a97d-d965ccfc6d4b" outcome="Passed" testListId="8c84fa94-04c1-424b-9868-57a2d4851a1d" relativeResultsDirectory="0157f62d-cb2d-4b7f-837f-e6b1906fc25f" />
    <UnitTestResult executionId="a8084910-7a55-4e8f-9928-59fb5467dcbd" testId="94c9126a-1b42-dc50-b34f-cf1aabaf9482" testName="IsEnterprise_ShouldBeFalse" computerName="DKSR-EFI-06" duration="00:00:00.0003340" startTime="2024-01-09T15:43:27.5916285+01:00" endTime="2024-01-09T15:43:27.6072525+01:00" testType="13cdc9d9-ddb5-4fa4-a97d-d965ccfc6d4b" outcome="Passed" testListId="8c84fa94-04c1-424b-9868-57a2d4851a1d" relativeResultsDirectory="a8084910-7a55-4e8f-9928-59fb5467dcbd" />
    <UnitTestResult executionId="dcb06567-190f-44c0-bbfb-3e926b61220c" testId="fd6df17d-e049-6a3a-e16c-4f8a613b1e1a" testName="Constructor_ShouldRaiseArgumentNullException_WhenAccessControlPluginPropertyProviderIsNull" computerName="DKSR-EFI-06" duration="00:00:00.0009114" startTime="2024-01-09T15:43:29.6385035+01:00" endTime="2024-01-09T15:43:29.6385035+01:00" testType="13cdc9d9-ddb5-4fa4-a97d-d965ccfc6d4b" outcome="Passed" testListId="8c84fa94-04c1-424b-9868-57a2d4851a1d" relativeResultsDirectory="dcb06567-190f-44c0-bbfb-3e926b61220c" />
    <UnitTestResult executionId="43b67554-b433-4c1b-a8f5-ca5658e99cb1" testId="6e32c5b8-e70e-6db9-2478-a9d1587e3457" testName="Start_ShouldInstallMsi_WhenInHwmm" computerName="DKSR-EFI-06" duration="00:00:00.4293428" startTime="2024-01-09T15:43:27.8728791+01:00" endTime="2024-01-09T15:43:28.3103779+01:00" testType="13cdc9d9-ddb5-4fa4-a97d-d965ccfc6d4b" outcome="Passed" testListId="8c84fa94-04c1-424b-9868-57a2d4851a1d" relativeResultsDirectory="43b67554-b433-4c1b-a8f5-ca5658e99cb1" />
    <UnitTestResult executionId="dd8e10ee-d690-4947-9bdc-751faff4d824" testId="daf5f9fc-c51e-5715-d2fb-47ceefa4d317" testName="Constructor_ShouldRaiseArgumentNullException_WhenAccessControlSystemManagerProviderIsNull" computerName="DKSR-EFI-06" duration="00:00:00.0097044" startTime="2024-01-09T15:43:29.6072541+01:00" endTime="2024-01-09T15:43:29.6228783+01:00" testType="13cdc9d9-ddb5-4fa4-a97d-d965ccfc6d4b" outcome="Passed" testListId="8c84fa94-04c1-424b-9868-57a2d4851a1d" relativeResultsDirectory="dd8e10ee-d690-4947-9bdc-751faff4d824" />
    <UnitTestResult executionId="126e5b6e-d365-49e2-93f2-3b249b65ef3e" testId="0bdcbe3a-20af-7f84-f953-c0b438a24ff8" testName="WhenFileExistsAndDatabasePreviousToFipsMigrationThenUpdate" computerName="DKSR-EFI-06" duration="00:00:00.0174955" startTime="2024-01-09T15:43:26.4822520+01:00" endTime="2024-01-09T15:43:26.4978769+01:00" testType="13cdc9d9-ddb5-4fa4-a97d-d965ccfc6d4b" outcome="Passed" testListId="8c84fa94-04c1-424b-9868-57a2d4851a1d" relativeResultsDirectory="126e5b6e-d365-49e2-93f2-3b249b65ef3e" />
    <UnitTestResult executionId="eda27d54-a71d-45e3-a2ee-2a6a52dbe508" testId="812d9b19-81f0-3886-88c8-e4707c51664a" testName="CanDecrypt_ShouldReturnTrue_WhenEncryptedContentIsValid" computerName="DKSR-EFI-06" duration="00:00:00.0016305" startTime="2024-01-09T15:43:29.4666295+01:00" endTime="2024-01-09T15:43:29.4822530+01:00" testType="13cdc9d9-ddb5-4fa4-a97d-d965ccfc6d4b" outcome="Passed" testListId="8c84fa94-04c1-424b-9868-57a2d4851a1d" relativeResultsDirectory="eda27d54-a71d-45e3-a2ee-2a6a52dbe508" />
    <UnitTestResult executionId="8b43a29b-c7ec-41d8-8571-f932ab662acf" testId="530dc381-ed03-5112-06b9-4cb21b2a75cd" testName="Start_ShouldRunTrapAppConfigurator_WhenHwmmInstalled" computerName="DKSR-EFI-06" duration="00:00:00.3116388" startTime="2024-01-09T15:43:28.7947546+01:00" endTime="2024-01-09T15:43:29.1072543+01:00" testType="13cdc9d9-ddb5-4fa4-a97d-d965ccfc6d4b" outcome="Passed" testListId="8c84fa94-04c1-424b-9868-57a2d4851a1d" relativeResultsDirectory="8b43a29b-c7ec-41d8-8571-f932ab662acf" />
    <UnitTestResult executionId="8331b83c-f656-479e-bbc2-ad36ed472bd7" testId="83ffbeae-e96b-b22c-4812-c180d8a7a871" testName="DecryptFromBase64String_ShouldRaiseArgumentNullException_WhenValueIsNull" computerName="DKSR-EFI-06" duration="00:00:00.0009963" startTime="2024-01-09T15:43:29.4979212+01:00" endTime="2024-01-09T15:43:29.4979212+01:00" testType="13cdc9d9-ddb5-4fa4-a97d-d965ccfc6d4b" outcome="Passed" testListId="8c84fa94-04c1-424b-9868-57a2d4851a1d" relativeResultsDirectory="8331b83c-f656-479e-bbc2-ad36ed472bd7" />
    <UnitTestResult executionId="3221039f-8964-46ad-a5c4-f12584dbf35f" testId="7288bc96-7348-c90d-9023-a5549a5cfc65" testName="UnregisterEventServerService_SholdNotFailWhenInstanceIsEmpty" computerName="DKSR-EFI-06" duration="00:00:00.0005735" startTime="2024-01-09T15:43:27.5916285+01:00" endTime="2024-01-09T15:43:27.5916285+01:00" testType="13cdc9d9-ddb5-4fa4-a97d-d965ccfc6d4b" outcome="Passed" testListId="8c84fa94-04c1-424b-9868-57a2d4851a1d" relativeResultsDirectory="3221039f-8964-46ad-a5c4-f12584dbf35f" />
    <UnitTestResult executionId="ac231a64-628c-4344-9a99-6fc22ecd284c" testId="a01c51a0-8ad2-bceb-83f2-de532fa924f8" testName="Exception_Is_Thrown_When_ConfigureClientEndpointsToBeInstalled_Returns_Unspecified_Error" computerName="DKSR-EFI-06" duration="00:00:00.0368052" startTime="2024-01-09T15:43:28.3416305+01:00" endTime="2024-01-09T15:43:28.3728798+01:00" testType="13cdc9d9-ddb5-4fa4-a97d-d965ccfc6d4b" outcome="Passed" testListId="8c84fa94-04c1-424b-9868-57a2d4851a1d" relativeResultsDirectory="ac231a64-628c-4344-9a99-6fc22ecd284c" />
    <UnitTestResult executionId="63befe1c-aa08-4adf-9fd1-f732d3e06406" testId="aaeba430-1df3-dbfb-d2c2-e063361023d3" testName="Constructor_ShouldRaiseArgumentNullException_WhenKeyStorageIsNull" computerName="DKSR-EFI-06" duration="00:00:00.0011202" startTime="2024-01-09T15:43:29.6072541+01:00" endTime="2024-01-09T15:43:29.6072541+01:00" testType="13cdc9d9-ddb5-4fa4-a97d-d965ccfc6d4b" outcome="Passed" testListId="8c84fa94-04c1-424b-9868-57a2d4851a1d" relativeResultsDirectory="63befe1c-aa08-4adf-9fd1-f732d3e06406" />
    <UnitTestResult executionId="267f0ba6-3ad0-4430-ae65-46c95ced33f3" testId="e9bca57a-7bd6-8699-724c-8f91f9619420" testName="Encrypt_ShouldRaiseEncryptException_WhenSymmetricEncryptionThrowsAnException" computerName="DKSR-EFI-06" duration="00:00:00.0024083" startTime="2024-01-09T15:43:29.5760039+01:00" endTime="2024-01-09T15:43:29.5760039+01:00" testType="13cdc9d9-ddb5-4fa4-a97d-d965ccfc6d4b" outcome="Passed" testListId="8c84fa94-04c1-424b-9868-57a2d4851a1d" relativeResultsDirectory="267f0ba6-3ad0-4430-ae65-46c95ced33f3" />
  </Results>
  <TestDefinitions>
    <UnitTest name="Decrypt_ShouldRaiseDecryptException_WhenEncryptedContentIsNull" storage="d:\actions-runner\_work\xpco\xpco\eventserver\server\installer\videoos.eventserver.taskplugin.unittest\bin\debug\videoos.eventserver.taskplugin.unittest.dll" id="34153896-7eea-179d-86a9-8c5590b1a558">
      <TestCategory>
        <TestCategoryItem TestCategory="Controllers.Encryptions.MasterKeyBased" />
      </TestCategory>
      <Execution id="8ab0cebc-b394-44ef-b454-ae62de46dfbc" />
      <TestMethod codeBase="D:\actions-runner\_work\XPCO\XPCO\EventServer\Server\Installer\VideoOS.EventServer.TaskPlugin.UnitTest\bin\Debug\VideoOS.EventServer.TaskPlugin.UnitTest.dll" adapterTypeName="executor://mstestadapter/v2" className="EventServerTaskPlugin.UnitTest.Controllers.Encryptions.MasterKeyBased.MasterKeyBasedControllerTests" name="Decrypt_ShouldRaiseDecryptException_WhenEncryptedContentIsNull" />
    </UnitTest>
    <UnitTest name="UnregisterEventServerService_SholdNotFailWhenInstanceIsEmpty" storage="d:\actions-runner\_work\xpco\xpco\eventserver\server\installer\videoos.eventserver.taskplugin.unittest\bin\debug\videoos.eventserver.taskplugin.unittest.dll" id="7288bc96-7348-c90d-9023-a5549a5cfc65">
      <Execution id="3221039f-8964-46ad-a5c4-f12584dbf35f" />
      <TestMethod codeBase="D:\actions-runner\_work\XPCO\XPCO\EventServer\Server\Installer\VideoOS.EventServer.TaskPlugin.UnitTest\bin\Debug\VideoOS.EventServer.TaskPlugin.UnitTest.dll" adapterTypeName="executor://mstestadapter/v2" className="EventServerTaskPlugin.UnitTest.EventServerConfiguratorTest" name="UnregisterEventServerService_SholdNotFailWhenInstanceIsEmpty" />
    </UnitTest>
    <UnitTest name="CheckPrequisite_ShouldReturnFalse" storage="d:\actions-runner\_work\xpco\xpco\eventserver\server\installer\videoos.eventserver.taskplugin.unittest\bin\debug\videoos.eventserver.taskplugin.unittest.dll" id="afd06f84-d2bc-8d00-7581-27b5efe9ba19">
      <Execution id="e512ecdf-04c4-40ba-8472-ed85f13fcf7c" />
      <TestMethod codeBase="D:\actions-runner\_work\XPCO\XPCO\EventServer\Server\Installer\VideoOS.EventServer.TaskPlugin.UnitTest\bin\Debug\VideoOS.EventServer.TaskPlugin.UnitTest.dll" adapterTypeName="executor://mstestadapter/v2" className="EventServerTaskPlugin.UnitTest.EventServerUninstallTaskTest" name="CheckPrequisite_ShouldReturnFalse" />
    </UnitTest>
    <UnitTest name="IsEnterprise_ShouldDefaultToFalse" storage="d:\actions-runner\_work\xpco\xpco\eventserver\server\installer\videoos.eventserver.taskplugin.unittest\bin\debug\videoos.eventserver.taskplugin.unittest.dll" id="26547426-9915-7840-6b79-2e49020a1be9">
      <Execution id="ee2b3837-fc29-4c7e-b686-5826d8edcb94" />
      <TestMethod codeBase="D:\actions-runner\_work\XPCO\XPCO\EventServer\Server\Installer\VideoOS.EventServer.TaskPlugin.UnitTest\bin\Debug\VideoOS.EventServer.TaskPlugin.UnitTest.dll" adapterTypeName="executor://mstestadapter/v2" className="EventServerTaskPlugin.UnitTest.EventServerConfiguratorTest" name="IsEnterprise_ShouldDefaultToFalse" />
    </UnitTest>
    <UnitTest name="WhenGetCategoriesThenBuildInAndPluginCategoriesPairsMd5Sha1Returned" storage="d:\actions-runner\_work\xpco\xpco\eventserver\server\installer\videoos.eventserver.taskplugin.unittest\bin\debug\videoos.eventserver.taskplugin.unittest.dll" id="c24a3d08-0fad-3d66-eff2-4a2291ba303d">
      <Execution id="8a5ad44d-1da0-476f-9739-30c29ff735a7" />
      <TestMethod codeBase="D:\actions-runner\_work\XPCO\XPCO\EventServer\Server\Installer\VideoOS.EventServer.TaskPlugin.UnitTest\bin\Debug\VideoOS.EventServer.TaskPlugin.UnitTest.dll" adapterTypeName="executor://mstestadapter/v2" className="EventServerTaskPlugin.UnitTest.AccessControlCategoriesGuidHashingProviderTest" name="WhenGetCategoriesThenBuildInAndPluginCategoriesPairsMd5Sha1Returned" />
    </UnitTest>
    <UnitTest name="GetPasswordPropertiesName_ShouldReturnTwoPasswordProperties_WhenACPluginWrapperHasTwoPasswordProperties" storage="d:\actions-runner\_work\xpco\xpco\eventserver\server\installer\videoos.eventserver.taskplugin.unittest\bin\debug\videoos.eventserver.taskplugin.unittest.dll" id="e4564ec5-0a7a-6202-6b4b-2cbf86aa4f7f">
      <TestCategory>
        <TestCategoryItem TestCategory="AccessControlSources" />
      </TestCategory>
      <Execution id="3fee9453-34a2-4248-80c7-05567bbfee7e" />
      <TestMethod codeBase="D:\actions-runner\_work\XPCO\XPCO\EventServer\Server\Installer\VideoOS.EventServer.TaskPlugin.UnitTest\bin\Debug\VideoOS.EventServer.TaskPlugin.UnitTest.dll" adapterTypeName="executor://mstestadapter/v2" className="EventServerTaskPlugin.UnitTest.AccessControlSources.AccessControlPluginPropertyProviderTests" name="GetPasswordPropertiesName_ShouldReturnTwoPasswordProperties_WhenACPluginWrapperHasTwoPasswordProperties" />
    </UnitTest>
    <UnitTest name="EncryptToBase64String_ShouldRaiseArgumentNullException_WhenValueIsNull" storage="d:\actions-runner\_work\xpco\xpco\eventserver\server\installer\videoos.eventserver.taskplugin.unittest\bin\debug\videoos.eventserver.taskplugin.unittest.dll" id="4c802b83-8cc5-6f82-c220-b53a3c26aaf1">
      <TestCategory>
        <TestCategoryItem TestCategory="Controllers.Encryptions.MasterKeyBased" />
      </TestCategory>
      <Execution id="cf7d2b4e-ebb7-428c-a87a-6a543c193f5b" />
      <TestMethod codeBase="D:\actions-runner\_work\XPCO\XPCO\EventServer\Server\Installer\VideoOS.EventServer.TaskPlugin.UnitTest\bin\Debug\VideoOS.EventServer.TaskPlugin.UnitTest.dll" adapterTypeName="executor://mstestadapter/v2" className="EventServerTaskPlugin.UnitTest.Controllers.Encryptions.MasterKeyBased.EventServerEncryptionSymmetricTests" name="EncryptToBase64String_ShouldRaiseArgumentNullException_WhenValueIsNull" />
    </UnitTest>
    <UnitTest name="Constructor_ShouldRaiseArgumentNullException_WhenKeyIsNull" storage="d:\actions-runner\_work\xpco\xpco\eventserver\server\installer\videoos.eventserver.taskplugin.unittest\bin\debug\videoos.eventserver.taskplugin.unittest.dll" id="e06bd3e0-529e-8838-50da-1bb59e3e3da2">
      <TestCategory>
        <TestCategoryItem TestCategory="Controllers.Encryptions.MasterKeyBased" />
      </TestCategory>
      <Execution id="c0805393-0267-497e-a0dc-3d6b1b61ac4a" />
      <TestMethod codeBase="D:\actions-runner\_work\XPCO\XPCO\EventServer\Server\Installer\VideoOS.EventServer.TaskPlugin.UnitTest\bin\Debug\VideoOS.EventServer.TaskPlugin.UnitTest.dll" adapterTypeName="executor://mstestadapter/v2" className="EventServerTaskPlugin.UnitTest.Controllers.Encryptions.MasterKeyBased.EventServerEncryptionSymmetricTests" name="Constructor_ShouldRaiseArgumentNullException_WhenKeyIsNull" />
    </UnitTest>
    <UnitTest name="ErrorMessage_Is_Logged_When_RemoveClientEndpointInstalled_Throws_Exception" storage="d:\actions-runner\_work\xpco\xpco\eventserver\server\installer\videoos.eventserver.taskplugin.unittest\bin\debug\videoos.eventserver.taskplugin.unittest.dll" id="89048dce-191e-00b7-8de1-0341de920f9c">
      <Execution id="e78e9efd-dc03-47be-b1b1-6794f8b46836" />
      <TestMethod codeBase="D:\actions-runner\_work\XPCO\XPCO\EventServer\Server\Installer\VideoOS.EventServer.TaskPlugin.UnitTest\bin\Debug\VideoOS.EventServer.TaskPlugin.UnitTest.dll" adapterTypeName="executor://mstestadapter/v2" className="EventServerTaskPlugin.UnitTest.EventServerUninstallTaskTest" name="ErrorMessage_Is_Logged_When_RemoveClientEndpointInstalled_Throws_Exception" />
    </UnitTest>
    <UnitTest name="GetEncryptedACSystemManagerPasswordPropertiesValue_ShouldRaiseArgumentNullException_WhenAcPluginPasswordPropertiesNameIsNull" storage="d:\actions-runner\_work\xpco\xpco\eventserver\server\installer\videoos.eventserver.taskplugin.unittest\bin\debug\videoos.eventserver.taskplugin.unittest.dll" id="455235c4-0442-78c6-3aae-212e3477b0f5">
      <TestCategory>
        <TestCategoryItem TestCategory="AccessControlSources" />
      </TestCategory>
      <Execution id="c9525328-c8f3-4ef5-b930-72c76e988fe1" />
      <TestMethod codeBase="D:\actions-runner\_work\XPCO\XPCO\EventServer\Server\Installer\VideoOS.EventServer.TaskPlugin.UnitTest\bin\Debug\VideoOS.EventServer.TaskPlugin.UnitTest.dll" adapterTypeName="executor://mstestadapter/v2" className="EventServerTaskPlugin.UnitTest.AccessControlSources.AccessControlCredentialsProviderTests" name="GetEncryptedACSystemManagerPasswordPropertiesValue_ShouldRaiseArgumentNullException_WhenAcPluginPasswordPropertiesNameIsNull" />
    </UnitTest>
    <UnitTest name="UnregisterEventServerService_ShouldUnregisterWhenRegistryInstanceExists" storage="d:\actions-runner\_work\xpco\xpco\eventserver\server\installer\videoos.eventserver.taskplugin.unittest\bin\debug\videoos.eventserver.taskplugin.unittest.dll" id="fcbbe868-1da9-c1d8-a819-22ddf2cb2b2b">
      <Execution id="66924a21-900a-4042-bdc7-0c888c5eac99" />
      <TestMethod codeBase="D:\actions-runner\_work\XPCO\XPCO\EventServer\Server\Installer\VideoOS.EventServer.TaskPlugin.UnitTest\bin\Debug\VideoOS.EventServer.TaskPlugin.UnitTest.dll" adapterTypeName="executor://mstestadapter/v2" className="EventServerTaskPlugin.UnitTest.EventServerConfiguratorTest" name="UnregisterEventServerService_ShouldUnregisterWhenRegistryInstanceExists" />
    </UnitTest>
    <UnitTest name="WhenRulesDocumentUpdatedMethodIsCalledThenEventTypeIdIsReplacedWithNewEventTypeId" storage="d:\actions-runner\_work\xpco\xpco\eventserver\server\installer\videoos.eventserver.taskplugin.unittest\bin\debug\videoos.eventserver.taskplugin.unittest.dll" id="598d2d4c-0b45-be8d-8ae7-72cb5bfdef58">
      <Execution id="662129b9-a7ef-464f-a688-3a7009013ee1" />
      <TestMethod codeBase="D:\actions-runner\_work\XPCO\XPCO\EventServer\Server\Installer\VideoOS.EventServer.TaskPlugin.UnitTest\bin\Debug\VideoOS.EventServer.TaskPlugin.UnitTest.dll" adapterTypeName="executor://mstestadapter/v2" className="EventServerTaskPlugin.UnitTest.RulesDocumentUpdaterTest" name="WhenRulesDocumentUpdatedMethodIsCalledThenEventTypeIdIsReplacedWithNewEventTypeId" />
    </UnitTest>
    <UnitTest name="Exception_Is_Thrown_When_ApplyCertificatesForEndpointsToBeInstalled_Returns_Unspecified_Error" storage="d:\actions-runner\_work\xpco\xpco\eventserver\server\installer\videoos.eventserver.taskplugin.unittest\bin\debug\videoos.eventserver.taskplugin.unittest.dll" id="2c35e318-8319-c7c0-3d1b-0b4d83b4c53d">
      <Execution id="4993c061-b138-4f5c-b845-fef29e3639b0" />
      <TestMethod codeBase="D:\actions-runner\_work\XPCO\XPCO\EventServer\Server\Installer\VideoOS.EventServer.TaskPlugin.UnitTest\bin\Debug\VideoOS.EventServer.TaskPlugin.UnitTest.dll" adapterTypeName="executor://mstestadapter/v2" className="EventServerTaskPlugin.UnitTest.EventServerInstallerTaskTest" name="Exception_Is_Thrown_When_ApplyCertificatesForEndpointsToBeInstalled_Returns_Unspecified_Error" />
    </UnitTest>
    <UnitTest name="WhenFileDontExistsThenNoUpdate" storage="d:\actions-runner\_work\xpco\xpco\eventserver\server\installer\videoos.eventserver.taskplugin.unittest\bin\debug\videoos.eventserver.taskplugin.unittest.dll" id="5ec4e238-b007-7aa1-5c83-2a6198e29491">
      <Execution id="13575d45-eca1-4d47-b395-76e4d9292034" />
      <TestMethod codeBase="D:\actions-runner\_work\XPCO\XPCO\EventServer\Server\Installer\VideoOS.EventServer.TaskPlugin.UnitTest\bin\Debug\VideoOS.EventServer.TaskPlugin.UnitTest.dll" adapterTypeName="executor://mstestadapter/v2" className="EventServerTaskPlugin.UnitTest.AlarmConfigurationDocumentUpdaterTest" name="WhenFileDontExistsThenNoUpdate" />
    </UnitTest>
    <UnitTest name="GetAccessControlSystems_ShouldReturnCorrectValues" storage="d:\actions-runner\_work\xpco\xpco\eventserver\server\installer\videoos.eventserver.taskplugin.unittest\bin\debug\videoos.eventserver.taskplugin.unittest.dll" id="f71823a0-7df6-c6a3-5b47-6a844aa3bde2">
      <Execution id="99d4cb51-feec-487e-8846-9dddc5461b5b" />
      <TestMethod codeBase="D:\actions-runner\_work\XPCO\XPCO\EventServer\Server\Installer\VideoOS.EventServer.TaskPlugin.UnitTest\bin\Debug\VideoOS.EventServer.TaskPlugin.UnitTest.dll" adapterTypeName="executor://mstestadapter/v2" className="EventServerTaskPlugin.UnitTest.AccessControlSources.AccessControlSystemsProviderTest" name="GetAccessControlSystems_ShouldReturnCorrectValues" />
    </UnitTest>
    <UnitTest name="Finalize_ShouldNotFail" storage="d:\actions-runner\_work\xpco\xpco\eventserver\server\installer\videoos.eventserver.taskplugin.unittest\bin\debug\videoos.eventserver.taskplugin.unittest.dll" id="c0afae20-0d21-d3f9-b148-255c20cfcbf8">
      <Execution id="ad3427d1-f84f-4f8f-909b-948ea6f49db9" />
      <TestMethod codeBase="D:\actions-runner\_work\XPCO\XPCO\EventServer\Server\Installer\VideoOS.EventServer.TaskPlugin.UnitTest\bin\Debug\VideoOS.EventServer.TaskPlugin.UnitTest.dll" adapterTypeName="executor://mstestadapter/v2" className="EventServerTaskPlugin.UnitTest.EventServerInstallerTaskTest" name="Finalize_ShouldNotFail" />
    </UnitTest>
    <UnitTest name="Exception_Is_Thrown_When_ConfigureClientEndpointsToBeInstalled_Returns_Unspecified_Error" storage="d:\actions-runner\_work\xpco\xpco\eventserver\server\installer\videoos.eventserver.taskplugin.unittest\bin\debug\videoos.eventserver.taskplugin.unittest.dll" id="a01c51a0-8ad2-bceb-83f2-de532fa924f8">
      <Execution id="ac231a64-628c-4344-9a99-6fc22ecd284c" />
      <TestMethod codeBase="D:\actions-runner\_work\XPCO\XPCO\EventServer\Server\Installer\VideoOS.EventServer.TaskPlugin.UnitTest\bin\Debug\VideoOS.EventServer.TaskPlugin.UnitTest.dll" adapterTypeName="executor://mstestadapter/v2" className="EventServerTaskPlugin.UnitTest.EventServerInstallerTaskTest" name="Exception_Is_Thrown_When_ConfigureClientEndpointsToBeInstalled_Returns_Unspecified_Error" />
    </UnitTest>
    <UnitTest name="GetNotMigratedEncryptedACPasswordPropertiesValue_ShouldRaiseArgumentNullException_WhenAcPluginPasswordPropertiesValueIsNull" storage="d:\actions-runner\_work\xpco\xpco\eventserver\server\installer\videoos.eventserver.taskplugin.unittest\bin\debug\videoos.eventserver.taskplugin.unittest.dll" id="b611df29-e9f4-3a78-1fe6-d606b8a05367">
      <TestCategory>
        <TestCategoryItem TestCategory="AccessControlSources" />
      </TestCategory>
      <Execution id="1be01e15-2cbe-40ad-b91e-c3a3f999fa1f" />
      <TestMethod codeBase="D:\actions-runner\_work\XPCO\XPCO\EventServer\Server\Installer\VideoOS.EventServer.TaskPlugin.UnitTest\bin\Debug\VideoOS.EventServer.TaskPlugin.UnitTest.dll" adapterTypeName="executor://mstestadapter/v2" className="EventServerTaskPlugin.UnitTest.AccessControlSources.AccessControlCredentialsProviderTests" name="GetNotMigratedEncryptedACPasswordPropertiesValue_ShouldRaiseArgumentNullException_WhenAcPluginPasswordPropertiesValueIsNull" />
    </UnitTest>
    <UnitTest name="UnregisterEventServerService_ShouldUseHttpSchemeIffHasNoCertificates (True,https)" storage="d:\actions-runner\_work\xpco\xpco\eventserver\server\installer\videoos.eventserver.taskplugin.unittest\bin\debug\videoos.eventserver.taskplugin.unittest.dll" id="570f7a38-e087-44e8-7a66-dbe93afadb60">
      <Execution id="ee23cae9-c762-49f7-93e4-792b89f550b2" />
      <TestMethod codeBase="D:\actions-runner\_work\XPCO\XPCO\EventServer\Server\Installer\VideoOS.EventServer.TaskPlugin.UnitTest\bin\Debug\VideoOS.EventServer.TaskPlugin.UnitTest.dll" adapterTypeName="executor://mstestadapter/v2" className="EventServerTaskPlugin.UnitTest.EventServerConfiguratorTest" name="UnregisterEventServerService_ShouldUseHttpSchemeIffHasNoCertificates" />
    </UnitTest>
    <UnitTest name="Decrypt_ShouldReturnDataFromSymmetricEncryption_WhenSymmetricEncryptionReturnsData" storage="d:\actions-runner\_work\xpco\xpco\eventserver\server\installer\videoos.eventserver.taskplugin.unittest\bin\debug\videoos.eventserver.taskplugin.unittest.dll" id="c8e37ea3-865d-7568-db96-58c49ccbaa48">
      <TestCategory>
        <TestCategoryItem TestCategory="Controllers.Encryptions.MasterKeyBased" />
      </TestCategory>
      <Execution id="8b0415cb-e1d9-422e-b342-9e380c888ff6" />
      <TestMethod codeBase="D:\actions-runner\_work\XPCO\XPCO\EventServer\Server\Installer\VideoOS.EventServer.TaskPlugin.UnitTest\bin\Debug\VideoOS.EventServer.TaskPlugin.UnitTest.dll" adapterTypeName="executor://mstestadapter/v2" className="EventServerTaskPlugin.UnitTest.Controllers.Encryptions.MasterKeyBased.MasterKeyBasedControllerTests" name="Decrypt_ShouldReturnDataFromSymmetricEncryption_WhenSymmetricEncryptionReturnsData" />
    </UnitTest>
    <UnitTest name="ErrorMessage_Is_Logged_When_RemoveServerEndpointInstalled_Throws_Exception" storage="d:\actions-runner\_work\xpco\xpco\eventserver\server\installer\videoos.eventserver.taskplugin.unittest\bin\debug\videoos.eventserver.taskplugin.unittest.dll" id="4d6937b5-d3c5-23d5-d612-b8dfa167c339">
      <Execution id="86e5a346-73c5-4d2c-be00-162b46ed2e9b" />
      <TestMethod codeBase="D:\actions-runner\_work\XPCO\XPCO\EventServer\Server\Installer\VideoOS.EventServer.TaskPlugin.UnitTest\bin\Debug\VideoOS.EventServer.TaskPlugin.UnitTest.dll" adapterTypeName="executor://mstestadapter/v2" className="EventServerTaskPlugin.UnitTest.EventServerUninstallTaskTest" name="ErrorMessage_Is_Logged_When_RemoveServerEndpointInstalled_Throws_Exception" />
    </UnitTest>
    <UnitTest name="GetMipPluginCategories_ShouldReturnCorrectValues" storage="d:\actions-runner\_work\xpco\xpco\eventserver\server\installer\videoos.eventserver.taskplugin.unittest\bin\debug\videoos.eventserver.taskplugin.unittest.dll" id="e243460c-f169-78a5-1cec-708bdcfa1515">
      <Execution id="bccfa652-8ffa-4161-a5f0-885d7b4720d1" />
      <TestMethod codeBase="D:\actions-runner\_work\XPCO\XPCO\EventServer\Server\Installer\VideoOS.EventServer.TaskPlugin.UnitTest\bin\Debug\VideoOS.EventServer.TaskPlugin.UnitTest.dll" adapterTypeName="executor://mstestadapter/v2" className="EventServerTaskPlugin.UnitTest.AccessControlCategories.AccessControlCategoriesProviderTest" name="GetMipPluginCategories_ShouldReturnCorrectValues" />
    </UnitTest>
    <UnitTest name="Create_ShouldRaiseArgumentNullException_WhenCreateIsNull" storage="d:\actions-runner\_work\xpco\xpco\eventserver\server\installer\videoos.eventserver.taskplugin.unittest\bin\debug\videoos.eventserver.taskplugin.unittest.dll" id="b320a399-6493-db75-a803-7914bb70b080">
      <TestCategory>
        <TestCategoryItem TestCategory="AccessControlSources" />
      </TestCategory>
      <Execution id="fd160257-9006-496f-9f76-ec92edb29cee" />
      <TestMethod codeBase="D:\actions-runner\_work\XPCO\XPCO\EventServer\Server\Installer\VideoOS.EventServer.TaskPlugin.UnitTest\bin\Debug\VideoOS.EventServer.TaskPlugin.UnitTest.dll" adapterTypeName="executor://mstestadapter/v2" className="EventServerTaskPlugin.UnitTest.AccessControlSources.AccessControlCredentialsProviderFactoryTests" name="Create_ShouldRaiseArgumentNullException_WhenCreateIsNull" />
    </UnitTest>
    <UnitTest name="GetEncryptedMigratedACPasswordPropertyValue_ShouldReturnEncryptedContent_WhenYYYY" storage="d:\actions-runner\_work\xpco\xpco\eventserver\server\installer\videoos.eventserver.taskplugin.unittest\bin\debug\videoos.eventserver.taskplugin.unittest.dll" id="ed4b3933-bce8-973a-018e-3b539f1412f3">
      <TestCategory>
        <TestCategoryItem TestCategory="AccessControlSources" />
      </TestCategory>
      <Execution id="0408580c-409d-466b-ab2c-4d9aa19bcd46" />
      <TestMethod codeBase="D:\actions-runner\_work\XPCO\XPCO\EventServer\Server\Installer\VideoOS.EventServer.TaskPlugin.UnitTest\bin\Debug\VideoOS.EventServer.TaskPlugin.UnitTest.dll" adapterTypeName="executor://mstestadapter/v2" className="EventServerTaskPlugin.UnitTest.AccessControlSources.AccessControlCredentialsProviderTests" name="GetEncryptedMigratedACPasswordPropertyValue_ShouldReturnEncryptedContent_WhenYYYY" />
    </UnitTest>
    <UnitTest name="UnregisterEventServerService_ShouldUseHttpSchemeIffHasNoCertificates (False,http)" storage="d:\actions-runner\_work\xpco\xpco\eventserver\server\installer\videoos.eventserver.taskplugin.unittest\bin\debug\videoos.eventserver.taskplugin.unittest.dll" id="62b4a797-7c58-a8e6-0a85-b6b9b4bf7371">
      <Execution id="867f2eba-9a41-40b1-88ad-5c506d4470b2" />
      <TestMethod codeBase="D:\actions-runner\_work\XPCO\XPCO\EventServer\Server\Installer\VideoOS.EventServer.TaskPlugin.UnitTest\bin\Debug\VideoOS.EventServer.TaskPlugin.UnitTest.dll" adapterTypeName="executor://mstestadapter/v2" className="EventServerTaskPlugin.UnitTest.EventServerConfiguratorTest" name="UnregisterEventServerService_ShouldUseHttpSchemeIffHasNoCertificates" />
    </UnitTest>
    <UnitTest name="SqlConnectionStorage_Verify_DataIsWritten" storage="d:\actions-runner\_work\xpco\xpco\eventserver\server\installer\videoos.eventserver.taskplugin.unittest\bin\debug\videoos.eventserver.taskplugin.unittest.dll" id="cdbf1535-3dbf-33cc-7f90-cfa90525b719">
      <Execution id="e74a74d9-8173-4ae2-8ca1-1a16e55574c7" />
      <TestMethod codeBase="D:\actions-runner\_work\XPCO\XPCO\EventServer\Server\Installer\VideoOS.EventServer.TaskPlugin.UnitTest\bin\Debug\VideoOS.EventServer.TaskPlugin.UnitTest.dll" adapterTypeName="executor://mstestadapter/v2" className="EventServerTaskPlugin.UnitTest.EventServerInstallerTaskTest" name="SqlConnectionStorage_Verify_DataIsWritten" />
    </UnitTest>
    <UnitTest name="Initialize_ShouldNotFail" storage="d:\actions-runner\_work\xpco\xpco\eventserver\server\installer\videoos.eventserver.taskplugin.unittest\bin\debug\videoos.eventserver.taskplugin.unittest.dll" id="3dd08ff4-9e35-a831-3721-f60df872dbb6">
      <Execution id="a2052334-71c3-456f-aae8-aecf3d0bde33" />
      <TestMethod codeBase="D:\actions-runner\_work\XPCO\XPCO\EventServer\Server\Installer\VideoOS.EventServer.TaskPlugin.UnitTest\bin\Debug\VideoOS.EventServer.TaskPlugin.UnitTest.dll" adapterTypeName="executor://mstestadapter/v2" className="EventServerTaskPlugin.UnitTest.EventServerUninstallTaskTest" name="Initialize_ShouldNotFail" />
    </UnitTest>
    <UnitTest name="CombineGuids_ReturnsCorrectGuid" storage="d:\actions-runner\_work\xpco\xpco\eventserver\server\installer\videoos.eventserver.taskplugin.unittest\bin\debug\videoos.eventserver.taskplugin.unittest.dll" id="10679be5-b06e-3d9d-c8a3-b3be6d3a84bd">
      <Execution id="ac79fbf1-80c8-4fd7-875f-0138bd338b1e" />
      <TestMethod codeBase="D:\actions-runner\_work\XPCO\XPCO\EventServer\Server\Installer\VideoOS.EventServer.TaskPlugin.UnitTest\bin\Debug\VideoOS.EventServer.TaskPlugin.UnitTest.dll" adapterTypeName="executor://mstestadapter/v2" className="EventServerTaskPlugin.UnitTest.AccessControlSources.CombineGuidHelperTest" name="CombineGuids_ReturnsCorrectGuid" />
    </UnitTest>
    <UnitTest name="GetEvents_ShouldReturnCorrectValues" storage="d:\actions-runner\_work\xpco\xpco\eventserver\server\installer\videoos.eventserver.taskplugin.unittest\bin\debug\videoos.eventserver.taskplugin.unittest.dll" id="e490666c-3c71-0c62-13b6-dd38c6307229">
      <Execution id="5e163132-5d4c-4da0-a74f-e684857b4dc0" />
      <TestMethod codeBase="D:\actions-runner\_work\XPCO\XPCO\EventServer\Server\Installer\VideoOS.EventServer.TaskPlugin.UnitTest\bin\Debug\VideoOS.EventServer.TaskPlugin.UnitTest.dll" adapterTypeName="executor://mstestadapter/v2" className="EventServerTaskPlugin.UnitTest.AccessControlSources.AccessControlElementsGuidHashingProviderTest" name="GetEvents_ShouldReturnCorrectValues" />
    </UnitTest>
    <UnitTest name="GetPasswordPropertiesName_ShouldRaiseArgumentNullException_WhenACPluginWrapperIsNull" storage="d:\actions-runner\_work\xpco\xpco\eventserver\server\installer\videoos.eventserver.taskplugin.unittest\bin\debug\videoos.eventserver.taskplugin.unittest.dll" id="dedae99a-0d8b-5ed2-cb14-233c1b9a3ff0">
      <TestCategory>
        <TestCategoryItem TestCategory="AccessControlSources" />
      </TestCategory>
      <Execution id="d99686aa-4445-471d-8c8a-d092614b81f0" />
      <TestMethod codeBase="D:\actions-runner\_work\XPCO\XPCO\EventServer\Server\Installer\VideoOS.EventServer.TaskPlugin.UnitTest\bin\Debug\VideoOS.EventServer.TaskPlugin.UnitTest.dll" adapterTypeName="executor://mstestadapter/v2" className="EventServerTaskPlugin.UnitTest.AccessControlSources.AccessControlPluginPropertyProviderTests" name="GetPasswordPropertiesName_ShouldRaiseArgumentNullException_WhenACPluginWrapperIsNull" />
    </UnitTest>
    <UnitTest name="GetAccessControlElements_ShouldReturnCorrectValues" storage="d:\actions-runner\_work\xpco\xpco\eventserver\server\installer\videoos.eventserver.taskplugin.unittest\bin\debug\videoos.eventserver.taskplugin.unittest.dll" id="d9f66616-4fa6-0335-fe95-7417cd15206a">
      <Execution id="d2240284-5560-4e4d-88ea-1c1f870d918b" />
      <TestMethod codeBase="D:\actions-runner\_work\XPCO\XPCO\EventServer\Server\Installer\VideoOS.EventServer.TaskPlugin.UnitTest\bin\Debug\VideoOS.EventServer.TaskPlugin.UnitTest.dll" adapterTypeName="executor://mstestadapter/v2" className="EventServerTaskPlugin.UnitTest.AccessControlSources.AccessControlElementsProviderTest" name="GetAccessControlElements_ShouldReturnCorrectValues" />
    </UnitTest>
    <UnitTest name="CanDecrypt_ShouldReturnTrue_WhenEncryptedContentIsValid" storage="d:\actions-runner\_work\xpco\xpco\eventserver\server\installer\videoos.eventserver.taskplugin.unittest\bin\debug\videoos.eventserver.taskplugin.unittest.dll" id="812d9b19-81f0-3886-88c8-e4707c51664a">
      <TestCategory>
        <TestCategoryItem TestCategory="Controllers.Encryptions.TripleDES" />
      </TestCategory>
      <Execution id="eda27d54-a71d-45e3-a2ee-2a6a52dbe508" />
      <TestMethod codeBase="D:\actions-runner\_work\XPCO\XPCO\EventServer\Server\Installer\VideoOS.EventServer.TaskPlugin.UnitTest\bin\Debug\VideoOS.EventServer.TaskPlugin.UnitTest.dll" adapterTypeName="executor://mstestadapter/v2" className="EventServerTaskPlugin.UnitTest.Controllers.Encryptions.TripleDES.TripleDESBasedControllerTests" name="CanDecrypt_ShouldReturnTrue_WhenEncryptedContentIsValid" />
    </UnitTest>
    <UnitTest name="WhenRulesDocumentUpdatedMethodIsCalledThenSourceListItemsIdsAreReplacedWithNewIds" storage="d:\actions-runner\_work\xpco\xpco\eventserver\server\installer\videoos.eventserver.taskplugin.unittest\bin\debug\videoos.eventserver.taskplugin.unittest.dll" id="3329b117-0821-d98e-05ee-7414e501b993">
      <Execution id="0762a5db-0afe-4038-8078-f5c481705ec5" />
      <TestMethod codeBase="D:\actions-runner\_work\XPCO\XPCO\EventServer\Server\Installer\VideoOS.EventServer.TaskPlugin.UnitTest\bin\Debug\VideoOS.EventServer.TaskPlugin.UnitTest.dll" adapterTypeName="executor://mstestadapter/v2" className="EventServerTaskPlugin.UnitTest.RulesDocumentUpdaterTest" name="WhenRulesDocumentUpdatedMethodIsCalledThenSourceListItemsIdsAreReplacedWithNewIds" />
    </UnitTest>
    <UnitTest name="CanDecrypt_ShouldRaiseArgumentNullException_WhenEncryptedContentIsNull" storage="d:\actions-runner\_work\xpco\xpco\eventserver\server\installer\videoos.eventserver.taskplugin.unittest\bin\debug\videoos.eventserver.taskplugin.unittest.dll" id="ea2116a0-3a43-a70e-26c7-8bb46c9d3c83">
      <TestCategory>
        <TestCategoryItem TestCategory="Controllers.Encryptions.MasterKeyBased" />
      </TestCategory>
      <Execution id="43750192-04bf-4116-875c-d7b7c580067b" />
      <TestMethod codeBase="D:\actions-runner\_work\XPCO\XPCO\EventServer\Server\Installer\VideoOS.EventServer.TaskPlugin.UnitTest\bin\Debug\VideoOS.EventServer.TaskPlugin.UnitTest.dll" adapterTypeName="executor://mstestadapter/v2" className="EventServerTaskPlugin.UnitTest.Controllers.Encryptions.MasterKeyBased.MasterKeyBasedControllerTests" name="CanDecrypt_ShouldRaiseArgumentNullException_WhenEncryptedContentIsNull" />
    </UnitTest>
    <UnitTest name="Start_ShouldRunTrapAppConfigurator_WhenHwmmInstalled" storage="d:\actions-runner\_work\xpco\xpco\eventserver\server\installer\videoos.eventserver.taskplugin.unittest\bin\debug\videoos.eventserver.taskplugin.unittest.dll" id="530dc381-ed03-5112-06b9-4cb21b2a75cd">
      <Execution id="8b43a29b-c7ec-41d8-8571-f932ab662acf" />
      <TestMethod codeBase="D:\actions-runner\_work\XPCO\XPCO\EventServer\Server\Installer\VideoOS.EventServer.TaskPlugin.UnitTest\bin\Debug\VideoOS.EventServer.TaskPlugin.UnitTest.dll" adapterTypeName="executor://mstestadapter/v2" className="EventServerTaskPlugin.UnitTest.EventServerUninstallTaskTest" name="Start_ShouldRunTrapAppConfigurator_WhenHwmmInstalled" />
    </UnitTest>
    <UnitTest name="Start_ShouldNotRunTrapAppConfigurator_WhenHwmmNotInstalled" storage="d:\actions-runner\_work\xpco\xpco\eventserver\server\installer\videoos.eventserver.taskplugin.unittest\bin\debug\videoos.eventserver.taskplugin.unittest.dll" id="cd04cbdd-b6e3-9dbe-9451-611fb0aebc06">
      <Execution id="0157f62d-cb2d-4b7f-837f-e6b1906fc25f" />
      <TestMethod codeBase="D:\actions-runner\_work\XPCO\XPCO\EventServer\Server\Installer\VideoOS.EventServer.TaskPlugin.UnitTest\bin\Debug\VideoOS.EventServer.TaskPlugin.UnitTest.dll" adapterTypeName="executor://mstestadapter/v2" className="EventServerTaskPlugin.UnitTest.EventServerUninstallTaskTest" name="Start_ShouldNotRunTrapAppConfigurator_WhenHwmmNotInstalled" />
    </UnitTest>
    <UnitTest name="RunInFinalizeMode_ShouldBeTrue" storage="d:\actions-runner\_work\xpco\xpco\eventserver\server\installer\videoos.eventserver.taskplugin.unittest\bin\debug\videoos.eventserver.taskplugin.unittest.dll" id="85ffc384-444a-6701-5e4f-49e25d5c0373">
      <Execution id="6f1d422a-35c3-47a9-bc8d-fbf911e8363a" />
      <TestMethod codeBase="D:\actions-runner\_work\XPCO\XPCO\EventServer\Server\Installer\VideoOS.EventServer.TaskPlugin.UnitTest\bin\Debug\VideoOS.EventServer.TaskPlugin.UnitTest.dll" adapterTypeName="executor://mstestadapter/v2" className="EventServerTaskPlugin.UnitTest.EventServerInstallerTaskTest" name="RunInFinalizeMode_ShouldBeTrue" />
    </UnitTest>
    <UnitTest name="Constructor_ShouldRaiseArgumentNullException_WhenAccessControlPluginPropertyProviderIsNull" storage="d:\actions-runner\_work\xpco\xpco\eventserver\server\installer\videoos.eventserver.taskplugin.unittest\bin\debug\videoos.eventserver.taskplugin.unittest.dll" id="fd6df17d-e049-6a3a-e16c-4f8a613b1e1a">
      <TestCategory>
        <TestCategoryItem TestCategory="AccessControlSources" />
      </TestCategory>
      <Execution id="dcb06567-190f-44c0-bbfb-3e926b61220c" />
      <TestMethod codeBase="D:\actions-runner\_work\XPCO\XPCO\EventServer\Server\Installer\VideoOS.EventServer.TaskPlugin.UnitTest\bin\Debug\VideoOS.EventServer.TaskPlugin.UnitTest.dll" adapterTypeName="executor://mstestadapter/v2" className="EventServerTaskPlugin.UnitTest.AccessControlSources.AccessControlCredentialsProviderTests" name="Constructor_ShouldRaiseArgumentNullException_WhenAccessControlPluginPropertyProviderIsNull" />
    </UnitTest>
    <UnitTest name="IsEnterprise_ShouldFailWhenParametersIsNull" storage="d:\actions-runner\_work\xpco\xpco\eventserver\server\installer\videoos.eventserver.taskplugin.unittest\bin\debug\videoos.eventserver.taskplugin.unittest.dll" id="fa56fabd-0159-1bbc-29bd-53bf2717d56d">
      <Execution id="c07036b2-ffb9-4ccf-85b9-e5f904b11bfb" />
      <TestMethod codeBase="D:\actions-runner\_work\XPCO\XPCO\EventServer\Server\Installer\VideoOS.EventServer.TaskPlugin.UnitTest\bin\Debug\VideoOS.EventServer.TaskPlugin.UnitTest.dll" adapterTypeName="executor://mstestadapter/v2" className="EventServerTaskPlugin.UnitTest.EventServerConfiguratorTest" name="IsEnterprise_ShouldFailWhenParametersIsNull" />
    </UnitTest>
    <UnitTest name="Start_ShouldInstallMsi_AndExecuteConfigurators_WhenInNormalMode" storage="d:\actions-runner\_work\xpco\xpco\eventserver\server\installer\videoos.eventserver.taskplugin.unittest\bin\debug\videoos.eventserver.taskplugin.unittest.dll" id="e560b7f5-f0ab-986d-676f-4a15a537fc9c">
      <Execution id="7c459540-69a8-4011-a15d-8f5aa4fbed88" />
      <TestMethod codeBase="D:\actions-runner\_work\XPCO\XPCO\EventServer\Server\Installer\VideoOS.EventServer.TaskPlugin.UnitTest\bin\Debug\VideoOS.EventServer.TaskPlugin.UnitTest.dll" adapterTypeName="executor://mstestadapter/v2" className="EventServerTaskPlugin.UnitTest.EventServerInstallerTaskTest" name="Start_ShouldInstallMsi_AndExecuteConfigurators_WhenInNormalMode" />
    </UnitTest>
    <UnitTest name="DecryptFromBase64String_ShouldRaiseArgumentNullException_WhenValueIsNull" storage="d:\actions-runner\_work\xpco\xpco\eventserver\server\installer\videoos.eventserver.taskplugin.unittest\bin\debug\videoos.eventserver.taskplugin.unittest.dll" id="83ffbeae-e96b-b22c-4812-c180d8a7a871">
      <TestCategory>
        <TestCategoryItem TestCategory="Controllers.Encryptions.MasterKeyBased" />
      </TestCategory>
      <Execution id="8331b83c-f656-479e-bbc2-ad36ed472bd7" />
      <TestMethod codeBase="D:\actions-runner\_work\XPCO\XPCO\EventServer\Server\Installer\VideoOS.EventServer.TaskPlugin.UnitTest\bin\Debug\VideoOS.EventServer.TaskPlugin.UnitTest.dll" adapterTypeName="executor://mstestadapter/v2" className="EventServerTaskPlugin.UnitTest.Controllers.Encryptions.MasterKeyBased.EventServerEncryptionSymmetricTests" name="DecryptFromBase64String_ShouldRaiseArgumentNullException_WhenValueIsNull" />
    </UnitTest>
    <UnitTest name="Encrypt_ShouldRaiseArgumentNullException_WhenUnencryptedContentIsNull" storage="d:\actions-runner\_work\xpco\xpco\eventserver\server\installer\videoos.eventserver.taskplugin.unittest\bin\debug\videoos.eventserver.taskplugin.unittest.dll" id="b4b8ba27-07b4-6b97-1303-07dac956b05e">
      <TestCategory>
        <TestCategoryItem TestCategory="Controllers.Encryptions.MasterKeyBased" />
      </TestCategory>
      <Execution id="c2063e9c-0cd9-4af0-8ff2-579d8cb74685" />
      <TestMethod codeBase="D:\actions-runner\_work\XPCO\XPCO\EventServer\Server\Installer\VideoOS.EventServer.TaskPlugin.UnitTest\bin\Debug\VideoOS.EventServer.TaskPlugin.UnitTest.dll" adapterTypeName="executor://mstestadapter/v2" className="EventServerTaskPlugin.UnitTest.Controllers.Encryptions.MasterKeyBased.MasterKeyBasedControllerTests" name="Encrypt_ShouldRaiseArgumentNullException_WhenUnencryptedContentIsNull" />
    </UnitTest>
    <UnitTest name="CanDecrypt_ShouldReturnFalse_WhenSymmetricEncryptionThrowsDecryptException" storage="d:\actions-runner\_work\xpco\xpco\eventserver\server\installer\videoos.eventserver.taskplugin.unittest\bin\debug\videoos.eventserver.taskplugin.unittest.dll" id="11438475-3fa1-a629-d593-64a2841e0d59">
      <TestCategory>
        <TestCategoryItem TestCategory="Controllers.Encryptions.MasterKeyBased" />
      </TestCategory>
      <Execution id="7e9e4180-fa1e-434a-81f4-6dbdda9075db" />
      <TestMethod codeBase="D:\actions-runner\_work\XPCO\XPCO\EventServer\Server\Installer\VideoOS.EventServer.TaskPlugin.UnitTest\bin\Debug\VideoOS.EventServer.TaskPlugin.UnitTest.dll" adapterTypeName="executor://mstestadapter/v2" className="EventServerTaskPlugin.UnitTest.Controllers.Encryptions.MasterKeyBased.MasterKeyBasedControllerTests" name="CanDecrypt_ShouldReturnFalse_WhenSymmetricEncryptionThrowsDecryptException" />
    </UnitTest>
    <UnitTest name="Start_ShouldInstallMsi_WhenInHwmm" storage="d:\actions-runner\_work\xpco\xpco\eventserver\server\installer\videoos.eventserver.taskplugin.unittest\bin\debug\videoos.eventserver.taskplugin.unittest.dll" id="6e32c5b8-e70e-6db9-2478-a9d1587e3457">
      <Execution id="43b67554-b433-4c1b-a8f5-ca5658e99cb1" />
      <TestMethod codeBase="D:\actions-runner\_work\XPCO\XPCO\EventServer\Server\Installer\VideoOS.EventServer.TaskPlugin.UnitTest\bin\Debug\VideoOS.EventServer.TaskPlugin.UnitTest.dll" adapterTypeName="executor://mstestadapter/v2" className="EventServerTaskPlugin.UnitTest.EventServerInstallerTaskTest" name="Start_ShouldInstallMsi_WhenInHwmm" />
    </UnitTest>
    <UnitTest name="Constructor_ShouldRaiseArgumentNullException_WhenAccessControlCredentialsProviderIsNull" storage="d:\actions-runner\_work\xpco\xpco\eventserver\server\installer\videoos.eventserver.taskplugin.unittest\bin\debug\videoos.eventserver.taskplugin.unittest.dll" id="29da7563-10b8-43a9-7977-b009824dfcd1">
      <TestCategory>
        <TestCategoryItem TestCategory="AccessControlSources" />
      </TestCategory>
      <Execution id="2325d52a-b6f6-4219-a742-857e0a188d0e" />
      <TestMethod codeBase="D:\actions-runner\_work\XPCO\XPCO\EventServer\Server\Installer\VideoOS.EventServer.TaskPlugin.UnitTest\bin\Debug\VideoOS.EventServer.TaskPlugin.UnitTest.dll" adapterTypeName="executor://mstestadapter/v2" className="EventServerTaskPlugin.UnitTest.AccessControlSources.AccessControlCredentialsMigrationProviderTests" name="Constructor_ShouldRaiseArgumentNullException_WhenAccessControlCredentialsProviderIsNull" />
    </UnitTest>
    <UnitTest name="CanDecrypt_ShouldReturnFalse_WhenEncryptedContentIsNotEncrypted" storage="d:\actions-runner\_work\xpco\xpco\eventserver\server\installer\videoos.eventserver.taskplugin.unittest\bin\debug\videoos.eventserver.taskplugin.unittest.dll" id="edd57013-394e-0693-7244-5b271c6a0192">
      <TestCategory>
        <TestCategoryItem TestCategory="Controllers.Encryptions.TripleDES" />
      </TestCategory>
      <Execution id="0439d80f-9742-4756-b68e-e025a0de4594" />
      <TestMethod codeBase="D:\actions-runner\_work\XPCO\XPCO\EventServer\Server\Installer\VideoOS.EventServer.TaskPlugin.UnitTest\bin\Debug\VideoOS.EventServer.TaskPlugin.UnitTest.dll" adapterTypeName="executor://mstestadapter/v2" className="EventServerTaskPlugin.UnitTest.Controllers.Encryptions.TripleDES.TripleDESBasedControllerTests" name="CanDecrypt_ShouldReturnFalse_WhenEncryptedContentIsNotEncrypted" />
    </UnitTest>
    <UnitTest name="GetAll_ShouldReturnCorrectValues" storage="d:\actions-runner\_work\xpco\xpco\eventserver\server\installer\videoos.eventserver.taskplugin.unittest\bin\debug\videoos.eventserver.taskplugin.unittest.dll" id="2b06e588-d26b-3e99-f0ca-231a3a0bc3bd">
      <Execution id="81a60481-37ea-4a42-bc6b-111a6eb123cd" />
      <TestMethod codeBase="D:\actions-runner\_work\XPCO\XPCO\EventServer\Server\Installer\VideoOS.EventServer.TaskPlugin.UnitTest\bin\Debug\VideoOS.EventServer.TaskPlugin.UnitTest.dll" adapterTypeName="executor://mstestadapter/v2" className="EventServerTaskPlugin.UnitTest.AccessControlSources.AccessControlElementsGuidHashingProviderTest" name="GetAll_ShouldReturnCorrectValues" />
    </UnitTest>
    <UnitTest name="RunInHardwareManufacturerMode_ShouldBeTrue" storage="d:\actions-runner\_work\xpco\xpco\eventserver\server\installer\videoos.eventserver.taskplugin.unittest\bin\debug\videoos.eventserver.taskplugin.unittest.dll" id="c1a216f3-241e-3470-21a6-45535908e778">
      <Execution id="c04e562c-6ec1-4043-8aff-6824145b099c" />
      <TestMethod codeBase="D:\actions-runner\_work\XPCO\XPCO\EventServer\Server\Installer\VideoOS.EventServer.TaskPlugin.UnitTest\bin\Debug\VideoOS.EventServer.TaskPlugin.UnitTest.dll" adapterTypeName="executor://mstestadapter/v2" className="EventServerTaskPlugin.UnitTest.EventServerInstallerTaskTest" name="RunInHardwareManufacturerMode_ShouldBeTrue" />
    </UnitTest>
    <UnitTest name="CheckPrequisite_ShouldReturnFalse" storage="d:\actions-runner\_work\xpco\xpco\eventserver\server\installer\videoos.eventserver.taskplugin.unittest\bin\debug\videoos.eventserver.taskplugin.unittest.dll" id="17877695-da28-eccc-c4f8-e9f3e4cf5004">
      <Execution id="5123610c-3736-4c9c-87c4-0103c66926d2" />
      <TestMethod codeBase="D:\actions-runner\_work\XPCO\XPCO\EventServer\Server\Installer\VideoOS.EventServer.TaskPlugin.UnitTest\bin\Debug\VideoOS.EventServer.TaskPlugin.UnitTest.dll" adapterTypeName="executor://mstestadapter/v2" className="EventServerTaskPlugin.UnitTest.EventServerInstallerTaskTest" name="CheckPrequisite_ShouldReturnFalse" />
    </UnitTest>
    <UnitTest name="AccessControlSystemCredentialsToBeMigrated_ShouldReturnNoElements_WhenDestinationEncryptionControllerCanDecrypt" storage="d:\actions-runner\_work\xpco\xpco\eventserver\server\installer\videoos.eventserver.taskplugin.unittest\bin\debug\videoos.eventserver.taskplugin.unittest.dll" id="492e084d-6db3-c91f-76dd-ab224ffb20ce">
      <TestCategory>
        <TestCategoryItem TestCategory="AccessControlSources" />
      </TestCategory>
      <Execution id="33590108-bfc1-4873-8e85-520f77b7b469" />
      <TestMethod codeBase="D:\actions-runner\_work\XPCO\XPCO\EventServer\Server\Installer\VideoOS.EventServer.TaskPlugin.UnitTest\bin\Debug\VideoOS.EventServer.TaskPlugin.UnitTest.dll" adapterTypeName="executor://mstestadapter/v2" className="EventServerTaskPlugin.UnitTest.AccessControlSources.AccessControlCredentialsProviderTests" name="AccessControlSystemCredentialsToBeMigrated_ShouldReturnNoElements_WhenDestinationEncryptionControllerCanDecrypt" />
    </UnitTest>
    <UnitTest name="Decrypt_ShouldRaiseArgumentNullException_WhenEncryptedContentIsNull" storage="d:\actions-runner\_work\xpco\xpco\eventserver\server\installer\videoos.eventserver.taskplugin.unittest\bin\debug\videoos.eventserver.taskplugin.unittest.dll" id="36a0c4b1-c6b3-d650-34d2-0ce340a88cc7">
      <TestCategory>
        <TestCategoryItem TestCategory="Controllers.Encryptions.TripleDES" />
      </TestCategory>
      <Execution id="68b997ca-d68b-43ee-b98b-b60751c5c10b" />
      <TestMethod codeBase="D:\actions-runner\_work\XPCO\XPCO\EventServer\Server\Installer\VideoOS.EventServer.TaskPlugin.UnitTest\bin\Debug\VideoOS.EventServer.TaskPlugin.UnitTest.dll" adapterTypeName="executor://mstestadapter/v2" className="EventServerTaskPlugin.UnitTest.Controllers.Encryptions.TripleDES.TripleDESBasedControllerTests" name="Decrypt_ShouldRaiseArgumentNullException_WhenEncryptedContentIsNull" />
    </UnitTest>
    <UnitTest name="CanDecrypt_ShouldReturnTrue_WhenSymmetricEncryptionReturnsContent" storage="d:\actions-runner\_work\xpco\xpco\eventserver\server\installer\videoos.eventserver.taskplugin.unittest\bin\debug\videoos.eventserver.taskplugin.unittest.dll" id="96c9820c-7c90-8f40-37bb-d158b655091a">
      <TestCategory>
        <TestCategoryItem TestCategory="Controllers.Encryptions.MasterKeyBased" />
      </TestCategory>
      <Execution id="973b2740-434d-4cce-b9da-623436968af7" />
      <TestMethod codeBase="D:\actions-runner\_work\XPCO\XPCO\EventServer\Server\Installer\VideoOS.EventServer.TaskPlugin.UnitTest\bin\Debug\VideoOS.EventServer.TaskPlugin.UnitTest.dll" adapterTypeName="executor://mstestadapter/v2" className="EventServerTaskPlugin.UnitTest.Controllers.Encryptions.MasterKeyBased.MasterKeyBasedControllerTests" name="CanDecrypt_ShouldReturnTrue_WhenSymmetricEncryptionReturnsContent" />
    </UnitTest>
    <UnitTest name="IsMigrationRequired_ShouldReturnTrue_WhenIsFreshInstallationIsFalseAndAccessControlSystemCredentialsToBeMigratedAreNotEmpty" storage="d:\actions-runner\_work\xpco\xpco\eventserver\server\installer\videoos.eventserver.taskplugin.unittest\bin\debug\videoos.eventserver.taskplugin.unittest.dll" id="8adddc19-e456-714c-f506-ecc2b0ac3c0f">
      <TestCategory>
        <TestCategoryItem TestCategory="AccessControlSources" />
      </TestCategory>
      <Execution id="4927ceee-dda1-40a1-aac0-385d7223675e" />
      <TestMethod codeBase="D:\actions-runner\_work\XPCO\XPCO\EventServer\Server\Installer\VideoOS.EventServer.TaskPlugin.UnitTest\bin\Debug\VideoOS.EventServer.TaskPlugin.UnitTest.dll" adapterTypeName="executor://mstestadapter/v2" className="EventServerTaskPlugin.UnitTest.AccessControlSources.AccessControlCredentialsMigrationProviderTests" name="IsMigrationRequired_ShouldReturnTrue_WhenIsFreshInstallationIsFalseAndAccessControlSystemCredentialsToBeMigratedAreNotEmpty" />
    </UnitTest>
    <UnitTest name="Start_ShouldNotInstallMsi_AndExecuteConfigurators_WhenInFinalizeMode" storage="d:\actions-runner\_work\xpco\xpco\eventserver\server\installer\videoos.eventserver.taskplugin.unittest\bin\debug\videoos.eventserver.taskplugin.unittest.dll" id="7343f979-38b0-911d-a618-e6896cb3cfd0">
      <Execution id="c70816b3-ab29-4def-92a8-9b0e756cbf11" />
      <TestMethod codeBase="D:\actions-runner\_work\XPCO\XPCO\EventServer\Server\Installer\VideoOS.EventServer.TaskPlugin.UnitTest\bin\Debug\VideoOS.EventServer.TaskPlugin.UnitTest.dll" adapterTypeName="executor://mstestadapter/v2" className="EventServerTaskPlugin.UnitTest.EventServerInstallerTaskTest" name="Start_ShouldNotInstallMsi_AndExecuteConfigurators_WhenInFinalizeMode" />
    </UnitTest>
    <UnitTest name="Encrypt_ShouldReturnDataFromSymmetricEncryption_WhenSymmetricEncryptionReturnsData" storage="d:\actions-runner\_work\xpco\xpco\eventserver\server\installer\videoos.eventserver.taskplugin.unittest\bin\debug\videoos.eventserver.taskplugin.unittest.dll" id="7769072a-ca1b-8ab9-160d-0da72a267230">
      <TestCategory>
        <TestCategoryItem TestCategory="Controllers.Encryptions.MasterKeyBased" />
      </TestCategory>
      <Execution id="17712395-8bc7-43b4-84b3-0a975aaf1432" />
      <TestMethod codeBase="D:\actions-runner\_work\XPCO\XPCO\EventServer\Server\Installer\VideoOS.EventServer.TaskPlugin.UnitTest\bin\Debug\VideoOS.EventServer.TaskPlugin.UnitTest.dll" adapterTypeName="executor://mstestadapter/v2" className="EventServerTaskPlugin.UnitTest.Controllers.Encryptions.MasterKeyBased.MasterKeyBasedControllerTests" name="Encrypt_ShouldReturnDataFromSymmetricEncryption_WhenSymmetricEncryptionReturnsData" />
    </UnitTest>
    <UnitTest name="Finalize_ShouldNotFail" storage="d:\actions-runner\_work\xpco\xpco\eventserver\server\installer\videoos.eventserver.taskplugin.unittest\bin\debug\videoos.eventserver.taskplugin.unittest.dll" id="749f4054-2f94-d36a-adad-5ca571147f15">
      <Execution id="eda90b67-797a-4863-bc26-5e9ad1010e08" />
      <TestMethod codeBase="D:\actions-runner\_work\XPCO\XPCO\EventServer\Server\Installer\VideoOS.EventServer.TaskPlugin.UnitTest\bin\Debug\VideoOS.EventServer.TaskPlugin.UnitTest.dll" adapterTypeName="executor://mstestadapter/v2" className="EventServerTaskPlugin.UnitTest.EventServerUninstallTaskTest" name="Finalize_ShouldNotFail" />
    </UnitTest>
    <UnitTest name="Constructor_ShouldRaiseArgumentNullException_WhenAccessControlSystemManagerProviderIsNull" storage="d:\actions-runner\_work\xpco\xpco\eventserver\server\installer\videoos.eventserver.taskplugin.unittest\bin\debug\videoos.eventserver.taskplugin.unittest.dll" id="daf5f9fc-c51e-5715-d2fb-47ceefa4d317">
      <TestCategory>
        <TestCategoryItem TestCategory="AccessControlSources" />
      </TestCategory>
      <Execution id="dd8e10ee-d690-4947-9bdc-751faff4d824" />
      <TestMethod codeBase="D:\actions-runner\_work\XPCO\XPCO\EventServer\Server\Installer\VideoOS.EventServer.TaskPlugin.UnitTest\bin\Debug\VideoOS.EventServer.TaskPlugin.UnitTest.dll" adapterTypeName="executor://mstestadapter/v2" className="EventServerTaskPlugin.UnitTest.AccessControlSources.AccessControlCredentialsProviderTests" name="Constructor_ShouldRaiseArgumentNullException_WhenAccessControlSystemManagerProviderIsNull" />
    </UnitTest>
    <UnitTest name="GetNotMigratedEncryptedACPasswordPropertiesValue_ShouldReturnTwoACPasswordValues_WhenDestinationEncryptionControllerCannotDecryptTwoPasswords" storage="d:\actions-runner\_work\xpco\xpco\eventserver\server\installer\videoos.eventserver.taskplugin.unittest\bin\debug\videoos.eventserver.taskplugin.unittest.dll" id="caf1ccdb-af3b-4eef-bf4d-ef83ab0ab506">
      <TestCategory>
        <TestCategoryItem TestCategory="AccessControlSources" />
      </TestCategory>
      <Execution id="396b6085-5651-45b9-b22d-220804afa134" />
      <TestMethod codeBase="D:\actions-runner\_work\XPCO\XPCO\EventServer\Server\Installer\VideoOS.EventServer.TaskPlugin.UnitTest\bin\Debug\VideoOS.EventServer.TaskPlugin.UnitTest.dll" adapterTypeName="executor://mstestadapter/v2" className="EventServerTaskPlugin.UnitTest.AccessControlSources.AccessControlCredentialsProviderTests" name="GetNotMigratedEncryptedACPasswordPropertiesValue_ShouldReturnTwoACPasswordValues_WhenDestinationEncryptionControllerCannotDecryptTwoPasswords" />
    </UnitTest>
    <UnitTest name="Uninstall_ShouldNotFail" storage="d:\actions-runner\_work\xpco\xpco\eventserver\server\installer\videoos.eventserver.taskplugin.unittest\bin\debug\videoos.eventserver.taskplugin.unittest.dll" id="a0ff269a-4deb-e8b2-d80e-b05a31c6bf35">
      <Execution id="d2258c8e-b608-45db-afb0-ff1ecb5283c7" />
      <TestMethod codeBase="D:\actions-runner\_work\XPCO\XPCO\EventServer\Server\Installer\VideoOS.EventServer.TaskPlugin.UnitTest\bin\Debug\VideoOS.EventServer.TaskPlugin.UnitTest.dll" adapterTypeName="executor://mstestadapter/v2" className="EventServerTaskPlugin.UnitTest.EventServerInstallerTaskTest" name="Uninstall_ShouldNotFail" />
    </UnitTest>
    <UnitTest name="WhenMd5GuidHashingCreatorWithNullValuesThenNullArgumentException" storage="d:\actions-runner\_work\xpco\xpco\eventserver\server\installer\videoos.eventserver.taskplugin.unittest\bin\debug\videoos.eventserver.taskplugin.unittest.dll" id="debef036-7aef-e23a-3725-29172b0a81a6">
      <Execution id="81a913d5-2051-4f9f-a8c0-2a3bd2c90776" />
      <TestMethod codeBase="D:\actions-runner\_work\XPCO\XPCO\EventServer\Server\Installer\VideoOS.EventServer.TaskPlugin.UnitTest\bin\Debug\VideoOS.EventServer.TaskPlugin.UnitTest.dll" adapterTypeName="executor://mstestadapter/v2" className="EventServerTaskPlugin.UnitTest.AccessControlCategoriesGuidHashingProviderTest" name="WhenMd5GuidHashingCreatorWithNullValuesThenNullArgumentException" />
    </UnitTest>
    <UnitTest name="Constructor_ShouldRaiseArgumentNullException_WhenDestinationEncryptionControllerIsNull" storage="d:\actions-runner\_work\xpco\xpco\eventserver\server\installer\videoos.eventserver.taskplugin.unittest\bin\debug\videoos.eventserver.taskplugin.unittest.dll" id="6904abd7-eceb-1e94-5aef-abddaf6cba44">
      <TestCategory>
        <TestCategoryItem TestCategory="AccessControlSources" />
      </TestCategory>
      <Execution id="f0f40265-5dd4-4c5f-aed6-2d89a5d79c46" />
      <TestMethod codeBase="D:\actions-runner\_work\XPCO\XPCO\EventServer\Server\Installer\VideoOS.EventServer.TaskPlugin.UnitTest\bin\Debug\VideoOS.EventServer.TaskPlugin.UnitTest.dll" adapterTypeName="executor://mstestadapter/v2" className="EventServerTaskPlugin.UnitTest.AccessControlSources.AccessControlCredentialsProviderTests" name="Constructor_ShouldRaiseArgumentNullException_WhenDestinationEncryptionControllerIsNull" />
    </UnitTest>
    <UnitTest name="WhenUpdateThenACCredentialsAreUpdated" storage="d:\actions-runner\_work\xpco\xpco\eventserver\server\installer\videoos.eventserver.taskplugin.unittest\bin\debug\videoos.eventserver.taskplugin.unittest.dll" id="cc8c04ba-678d-f70e-5c9d-ce3418af3dc0">
      <Execution id="0cd34e69-d067-420d-9ad4-cf2358b79e5f" />
      <TestMethod codeBase="D:\actions-runner\_work\XPCO\XPCO\EventServer\Server\Installer\VideoOS.EventServer.TaskPlugin.UnitTest\bin\Debug\VideoOS.EventServer.TaskPlugin.UnitTest.dll" adapterTypeName="executor://mstestadapter/v2" className="EventServerTaskPlugin.UnitTest.ConfigurationDataAccessControlCredentialsDocumentUpdaterTest" name="WhenUpdateThenACCredentialsAreUpdated" />
    </UnitTest>
    <UnitTest name="GetEncryptedMigratedACPasswordPropertyValue_ShouldRaiseArgumentNullException_WhenNotMigratedEncryptedACPasswordPropertyValueIsNull" storage="d:\actions-runner\_work\xpco\xpco\eventserver\server\installer\videoos.eventserver.taskplugin.unittest\bin\debug\videoos.eventserver.taskplugin.unittest.dll" id="ad421100-7121-9b39-1de3-c0660dcc065c">
      <TestCategory>
        <TestCategoryItem TestCategory="AccessControlSources" />
      </TestCategory>
      <Execution id="a7cba536-0cff-4c93-8e43-ea6518cbd976" />
      <TestMethod codeBase="D:\actions-runner\_work\XPCO\XPCO\EventServer\Server\Installer\VideoOS.EventServer.TaskPlugin.UnitTest\bin\Debug\VideoOS.EventServer.TaskPlugin.UnitTest.dll" adapterTypeName="executor://mstestadapter/v2" className="EventServerTaskPlugin.UnitTest.AccessControlSources.AccessControlCredentialsProviderTests" name="GetEncryptedMigratedACPasswordPropertyValue_ShouldRaiseArgumentNullException_WhenNotMigratedEncryptedACPasswordPropertyValueIsNull" />
    </UnitTest>
    <UnitTest name="GetNotMigratedEncryptedACPasswordPropertiesValue_ShouldReturnZeroACPasswordValues_WhenDestinationEncryptionControllerCanDecrypt" storage="d:\actions-runner\_work\xpco\xpco\eventserver\server\installer\videoos.eventserver.taskplugin.unittest\bin\debug\videoos.eventserver.taskplugin.unittest.dll" id="35d916cb-ff84-15c5-6a1b-9948bc9d233b">
      <TestCategory>
        <TestCategoryItem TestCategory="AccessControlSources" />
      </TestCategory>
      <Execution id="b77a6ce7-6f78-4f9b-b23c-14d6176d74e1" />
      <TestMethod codeBase="D:\actions-runner\_work\XPCO\XPCO\EventServer\Server\Installer\VideoOS.EventServer.TaskPlugin.UnitTest\bin\Debug\VideoOS.EventServer.TaskPlugin.UnitTest.dll" adapterTypeName="executor://mstestadapter/v2" className="EventServerTaskPlugin.UnitTest.AccessControlSources.AccessControlCredentialsProviderTests" name="GetNotMigratedEncryptedACPasswordPropertiesValue_ShouldReturnZeroACPasswordValues_WhenDestinationEncryptionControllerCanDecrypt" />
    </UnitTest>
    <UnitTest name="Install_ShouldNotExecuteConfigurators" storage="d:\actions-runner\_work\xpco\xpco\eventserver\server\installer\videoos.eventserver.taskplugin.unittest\bin\debug\videoos.eventserver.taskplugin.unittest.dll" id="599d1174-ef5d-a494-0cea-bfa231d276ed">
      <Execution id="a248bcf0-6cab-4057-bd52-939d423b9875" />
      <TestMethod codeBase="D:\actions-runner\_work\XPCO\XPCO\EventServer\Server\Installer\VideoOS.EventServer.TaskPlugin.UnitTest\bin\Debug\VideoOS.EventServer.TaskPlugin.UnitTest.dll" adapterTypeName="executor://mstestadapter/v2" className="EventServerTaskPlugin.UnitTest.EventServerInstallerTaskTest" name="Install_ShouldNotExecuteConfigurators" />
    </UnitTest>
    <UnitTest name="IsEnterprise_ShouldBeFalse" storage="d:\actions-runner\_work\xpco\xpco\eventserver\server\installer\videoos.eventserver.taskplugin.unittest\bin\debug\videoos.eventserver.taskplugin.unittest.dll" id="94c9126a-1b42-dc50-b34f-cf1aabaf9482">
      <Execution id="a8084910-7a55-4e8f-9928-59fb5467dcbd" />
      <TestMethod codeBase="D:\actions-runner\_work\XPCO\XPCO\EventServer\Server\Installer\VideoOS.EventServer.TaskPlugin.UnitTest\bin\Debug\VideoOS.EventServer.TaskPlugin.UnitTest.dll" adapterTypeName="executor://mstestadapter/v2" className="EventServerTaskPlugin.UnitTest.EventServerConfiguratorTest" name="IsEnterprise_ShouldBeFalse" />
    </UnitTest>
    <UnitTest name="GetEncryptedACSystemManagerPasswordPropertiesValue_ShouldReturnOneValue_WhenAcPluginPasswordPropertiesNameMatchesOneProperty" storage="d:\actions-runner\_work\xpco\xpco\eventserver\server\installer\videoos.eventserver.taskplugin.unittest\bin\debug\videoos.eventserver.taskplugin.unittest.dll" id="9272fb9e-403b-61fa-be23-ea7669fa4d2c">
      <TestCategory>
        <TestCategoryItem TestCategory="AccessControlSources" />
      </TestCategory>
      <Execution id="9ea20b1e-243d-4201-a72e-f6a636822e61" />
      <TestMethod codeBase="D:\actions-runner\_work\XPCO\XPCO\EventServer\Server\Installer\VideoOS.EventServer.TaskPlugin.UnitTest\bin\Debug\VideoOS.EventServer.TaskPlugin.UnitTest.dll" adapterTypeName="executor://mstestadapter/v2" className="EventServerTaskPlugin.UnitTest.AccessControlSources.AccessControlCredentialsProviderTests" name="GetEncryptedACSystemManagerPasswordPropertiesValue_ShouldReturnOneValue_WhenAcPluginPasswordPropertiesNameMatchesOneProperty" />
    </UnitTest>
    <UnitTest name="Encrypt_ShouldRaiseArgumentNullException_WhenUnencryptedContentIsNull" storage="d:\actions-runner\_work\xpco\xpco\eventserver\server\installer\videoos.eventserver.taskplugin.unittest\bin\debug\videoos.eventserver.taskplugin.unittest.dll" id="633487f4-7693-130d-f78b-b347633763c3">
      <TestCategory>
        <TestCategoryItem TestCategory="Controllers.Encryptions.TripleDES" />
      </TestCategory>
      <Execution id="42bb83c9-e850-4554-a374-f81e09d342ee" />
      <TestMethod codeBase="D:\actions-runner\_work\XPCO\XPCO\EventServer\Server\Installer\VideoOS.EventServer.TaskPlugin.UnitTest\bin\Debug\VideoOS.EventServer.TaskPlugin.UnitTest.dll" adapterTypeName="executor://mstestadapter/v2" className="EventServerTaskPlugin.UnitTest.Controllers.Encryptions.TripleDES.TripleDESBasedControllerTests" name="Encrypt_ShouldRaiseArgumentNullException_WhenUnencryptedContentIsNull" />
    </UnitTest>
    <UnitTest name="Constructor_ShouldRaiseArgumentNullException_WhenAccessControlMipPluginsProviderIsNull" storage="d:\actions-runner\_work\xpco\xpco\eventserver\server\installer\videoos.eventserver.taskplugin.unittest\bin\debug\videoos.eventserver.taskplugin.unittest.dll" id="63fc7eba-daed-5cd1-929b-1bc15f4e007c">
      <TestCategory>
        <TestCategoryItem TestCategory="AccessControlSources" />
      </TestCategory>
      <Execution id="aa316b67-11f7-4575-b96c-db9b7a104891" />
      <TestMethod codeBase="D:\actions-runner\_work\XPCO\XPCO\EventServer\Server\Installer\VideoOS.EventServer.TaskPlugin.UnitTest\bin\Debug\VideoOS.EventServer.TaskPlugin.UnitTest.dll" adapterTypeName="executor://mstestadapter/v2" className="EventServerTaskPlugin.UnitTest.AccessControlSources.AccessControlCredentialsProviderTests" name="Constructor_ShouldRaiseArgumentNullException_WhenAccessControlMipPluginsProviderIsNull" />
    </UnitTest>
    <UnitTest name="Constructor_ShouldRaiseArgumentNullException_WhenSourceEncryptionControllerIsNull" storage="d:\actions-runner\_work\xpco\xpco\eventserver\server\installer\videoos.eventserver.taskplugin.unittest\bin\debug\videoos.eventserver.taskplugin.unittest.dll" id="1a7addec-f2b2-19b6-3a2e-6585fc095c36">
      <TestCategory>
        <TestCategoryItem TestCategory="AccessControlSources" />
      </TestCategory>
      <Execution id="eac8f088-f333-4450-97aa-e4900b708bef" />
      <TestMethod codeBase="D:\actions-runner\_work\XPCO\XPCO\EventServer\Server\Installer\VideoOS.EventServer.TaskPlugin.UnitTest\bin\Debug\VideoOS.EventServer.TaskPlugin.UnitTest.dll" adapterTypeName="executor://mstestadapter/v2" className="EventServerTaskPlugin.UnitTest.AccessControlSources.AccessControlCredentialsProviderTests" name="Constructor_ShouldRaiseArgumentNullException_WhenSourceEncryptionControllerIsNull" />
    </UnitTest>
    <UnitTest name="WhenFileExistsAndDatabasePreviousToFipsMigrationThenUpdate" storage="d:\actions-runner\_work\xpco\xpco\eventserver\server\installer\videoos.eventserver.taskplugin.unittest\bin\debug\videoos.eventserver.taskplugin.unittest.dll" id="0bdcbe3a-20af-7f84-f953-c0b438a24ff8">
      <Execution id="126e5b6e-d365-49e2-93f2-3b249b65ef3e" />
      <TestMethod codeBase="D:\actions-runner\_work\XPCO\XPCO\EventServer\Server\Installer\VideoOS.EventServer.TaskPlugin.UnitTest\bin\Debug\VideoOS.EventServer.TaskPlugin.UnitTest.dll" adapterTypeName="executor://mstestadapter/v2" className="EventServerTaskPlugin.UnitTest.AlarmConfigurationDocumentUpdaterTest" name="WhenFileExistsAndDatabasePreviousToFipsMigrationThenUpdate" />
    </UnitTest>
    <UnitTest name="Initialize_ShouldNotFail" storage="d:\actions-runner\_work\xpco\xpco\eventserver\server\installer\videoos.eventserver.taskplugin.unittest\bin\debug\videoos.eventserver.taskplugin.unittest.dll" id="842ab43b-d837-6ec7-51eb-47adf3ed3356">
      <Execution id="4e82b3c3-be67-4a8e-a7d7-00e5fecb2dd0" />
      <TestMethod codeBase="D:\actions-runner\_work\XPCO\XPCO\EventServer\Server\Installer\VideoOS.EventServer.TaskPlugin.UnitTest\bin\Debug\VideoOS.EventServer.TaskPlugin.UnitTest.dll" adapterTypeName="executor://mstestadapter/v2" className="EventServerTaskPlugin.UnitTest.EventServerInstallerTaskTest" name="Initialize_ShouldNotFail" />
    </UnitTest>
    <UnitTest name="IsEnterprise_ShouldBeTrue" storage="d:\actions-runner\_work\xpco\xpco\eventserver\server\installer\videoos.eventserver.taskplugin.unittest\bin\debug\videoos.eventserver.taskplugin.unittest.dll" id="1d7c4460-5dfc-c818-ac65-0dc9818eed19">
      <Execution id="9f9c50ac-a64f-484e-b11f-8de1c1416867" />
      <TestMethod codeBase="D:\actions-runner\_work\XPCO\XPCO\EventServer\Server\Installer\VideoOS.EventServer.TaskPlugin.UnitTest\bin\Debug\VideoOS.EventServer.TaskPlugin.UnitTest.dll" adapterTypeName="executor://mstestadapter/v2" className="EventServerTaskPlugin.UnitTest.EventServerConfiguratorTest" name="IsEnterprise_ShouldBeTrue" />
    </UnitTest>
    <UnitTest name="Constructor_ShouldRaiseArgumentNullException_WhenLogIsNull" storage="d:\actions-runner\_work\xpco\xpco\eventserver\server\installer\videoos.eventserver.taskplugin.unittest\bin\debug\videoos.eventserver.taskplugin.unittest.dll" id="d6a58865-52e2-8720-db3e-4025050374d0">
      <TestCategory>
        <TestCategoryItem TestCategory="Controllers.Encryptions.MasterKeyBased" />
      </TestCategory>
      <Execution id="7064805a-fa3f-45d6-a395-7c58b3551f5b" />
      <TestMethod codeBase="D:\actions-runner\_work\XPCO\XPCO\EventServer\Server\Installer\VideoOS.EventServer.TaskPlugin.UnitTest\bin\Debug\VideoOS.EventServer.TaskPlugin.UnitTest.dll" adapterTypeName="executor://mstestadapter/v2" className="EventServerTaskPlugin.UnitTest.Controllers.Encryptions.MasterKeyBased.KeyManagerTests" name="Constructor_ShouldRaiseArgumentNullException_WhenLogIsNull" />
    </UnitTest>
    <UnitTest name="Encrypt_ShouldRaiseEncryptException_WhenSymmetricEncryptionThrowsAnException" storage="d:\actions-runner\_work\xpco\xpco\eventserver\server\installer\videoos.eventserver.taskplugin.unittest\bin\debug\videoos.eventserver.taskplugin.unittest.dll" id="e9bca57a-7bd6-8699-724c-8f91f9619420">
      <TestCategory>
        <TestCategoryItem TestCategory="Controllers.Encryptions.MasterKeyBased" />
      </TestCategory>
      <Execution id="267f0ba6-3ad0-4430-ae65-46c95ced33f3" />
      <TestMethod codeBase="D:\actions-runner\_work\XPCO\XPCO\EventServer\Server\Installer\VideoOS.EventServer.TaskPlugin.UnitTest\bin\Debug\VideoOS.EventServer.TaskPlugin.UnitTest.dll" adapterTypeName="executor://mstestadapter/v2" className="EventServerTaskPlugin.UnitTest.Controllers.Encryptions.MasterKeyBased.MasterKeyBasedControllerTests" name="Encrypt_ShouldRaiseEncryptException_WhenSymmetricEncryptionThrowsAnException" />
    </UnitTest>
    <UnitTest name="Install_ShouldNotFail" storage="d:\actions-runner\_work\xpco\xpco\eventserver\server\installer\videoos.eventserver.taskplugin.unittest\bin\debug\videoos.eventserver.taskplugin.unittest.dll" id="889d311d-cae1-351a-69cd-f38bf34c398d">
      <Execution id="ccf08bf9-8b06-4793-988c-d2b2b4da481a" />
      <TestMethod codeBase="D:\actions-runner\_work\XPCO\XPCO\EventServer\Server\Installer\VideoOS.EventServer.TaskPlugin.UnitTest\bin\Debug\VideoOS.EventServer.TaskPlugin.UnitTest.dll" adapterTypeName="executor://mstestadapter/v2" className="EventServerTaskPlugin.UnitTest.EventServerUninstallTaskTest" name="Install_ShouldNotFail" />
    </UnitTest>
    <UnitTest name="Constructor_ShouldRaiseArgumentNullException_WhenKeyManagerIsNull" storage="d:\actions-runner\_work\xpco\xpco\eventserver\server\installer\videoos.eventserver.taskplugin.unittest\bin\debug\videoos.eventserver.taskplugin.unittest.dll" id="a210d53e-8c18-d3d4-2740-bd365a5e0cec">
      <TestCategory>
        <TestCategoryItem TestCategory="Controllers.Encryptions.MasterKeyBased" />
      </TestCategory>
      <Execution id="7b1c93a9-3c57-4128-92de-5114c840009c" />
      <TestMethod codeBase="D:\actions-runner\_work\XPCO\XPCO\EventServer\Server\Installer\VideoOS.EventServer.TaskPlugin.UnitTest\bin\Debug\VideoOS.EventServer.TaskPlugin.UnitTest.dll" adapterTypeName="executor://mstestadapter/v2" className="EventServerTaskPlugin.UnitTest.Controllers.Encryptions.MasterKeyBased.KeyManagerTests" name="Constructor_ShouldRaiseArgumentNullException_WhenKeyManagerIsNull" />
    </UnitTest>
    <UnitTest name="CanDecrypt_ShouldRaiseArgumentNullException_WhenEncryptedContentIsNull" storage="d:\actions-runner\_work\xpco\xpco\eventserver\server\installer\videoos.eventserver.taskplugin.unittest\bin\debug\videoos.eventserver.taskplugin.unittest.dll" id="5d1dd5ac-d2e3-3e5f-672c-d478c8d332df">
      <TestCategory>
        <TestCategoryItem TestCategory="Controllers.Encryptions.TripleDES" />
      </TestCategory>
      <Execution id="3d8a3fd7-1079-48d8-bf46-bb74ad1ae6c5" />
      <TestMethod codeBase="D:\actions-runner\_work\XPCO\XPCO\EventServer\Server\Installer\VideoOS.EventServer.TaskPlugin.UnitTest\bin\Debug\VideoOS.EventServer.TaskPlugin.UnitTest.dll" adapterTypeName="executor://mstestadapter/v2" className="EventServerTaskPlugin.UnitTest.Controllers.Encryptions.TripleDES.TripleDESBasedControllerTests" name="CanDecrypt_ShouldRaiseArgumentNullException_WhenEncryptedContentIsNull" />
    </UnitTest>
    <UnitTest name="Decrypt_ShouldReturnUnencryptedContent_WhenEncryptedContentIsValid" storage="d:\actions-runner\_work\xpco\xpco\eventserver\server\installer\videoos.eventserver.taskplugin.unittest\bin\debug\videoos.eventserver.taskplugin.unittest.dll" id="58643e0d-60ae-2621-32d3-d575d3b58145">
      <TestCategory>
        <TestCategoryItem TestCategory="Controllers.Encryptions.TripleDES" />
      </TestCategory>
      <Execution id="6bdd69d7-5b13-4872-a620-bf16823a6140" />
      <TestMethod codeBase="D:\actions-runner\_work\XPCO\XPCO\EventServer\Server\Installer\VideoOS.EventServer.TaskPlugin.UnitTest\bin\Debug\VideoOS.EventServer.TaskPlugin.UnitTest.dll" adapterTypeName="executor://mstestadapter/v2" className="EventServerTaskPlugin.UnitTest.Controllers.Encryptions.TripleDES.TripleDESBasedControllerTests" name="Decrypt_ShouldReturnUnencryptedContent_WhenEncryptedContentIsValid" />
    </UnitTest>
    <UnitTest name="Uninstall_ShouldNotFail" storage="d:\actions-runner\_work\xpco\xpco\eventserver\server\installer\videoos.eventserver.taskplugin.unittest\bin\debug\videoos.eventserver.taskplugin.unittest.dll" id="a564438b-e454-f88d-20fc-2d40d0e1aceb">
      <Execution id="62670106-2e41-4316-8362-8c2edb028a4f" />
      <TestMethod codeBase="D:\actions-runner\_work\XPCO\XPCO\EventServer\Server\Installer\VideoOS.EventServer.TaskPlugin.UnitTest\bin\Debug\VideoOS.EventServer.TaskPlugin.UnitTest.dll" adapterTypeName="executor://mstestadapter/v2" className="EventServerTaskPlugin.UnitTest.EventServerUninstallTaskTest" name="Uninstall_ShouldNotFail" />
    </UnitTest>
    <UnitTest name="GetGroups_ShouldReturnCorrectValues" storage="d:\actions-runner\_work\xpco\xpco\eventserver\server\installer\videoos.eventserver.taskplugin.unittest\bin\debug\videoos.eventserver.taskplugin.unittest.dll" id="9fdbfd50-cf59-ef77-764b-173496a13139">
      <Execution id="ae22f41e-d491-4b35-8a32-d18023f8ca97" />
      <TestMethod codeBase="D:\actions-runner\_work\XPCO\XPCO\EventServer\Server\Installer\VideoOS.EventServer.TaskPlugin.UnitTest\bin\Debug\VideoOS.EventServer.TaskPlugin.UnitTest.dll" adapterTypeName="executor://mstestadapter/v2" className="EventServerTaskPlugin.UnitTest.AccessControlSources.AccessControlElementsGuidHashingProviderTest" name="GetGroups_ShouldReturnCorrectValues" />
    </UnitTest>
    <UnitTest name="AccessControlSystemCredentialsToBeMigrated_ShouldReturnTwoElements_WhenDestinationEncryptionControllerCannotDecryptTwoElements" storage="d:\actions-runner\_work\xpco\xpco\eventserver\server\installer\videoos.eventserver.taskplugin.unittest\bin\debug\videoos.eventserver.taskplugin.unittest.dll" id="cb513d70-86c8-488d-14d1-69c872f446f2">
      <TestCategory>
        <TestCategoryItem TestCategory="AccessControlSources" />
      </TestCategory>
      <Execution id="5485d558-fee1-4d5a-a22b-6672943b870e" />
      <TestMethod codeBase="D:\actions-runner\_work\XPCO\XPCO\EventServer\Server\Installer\VideoOS.EventServer.TaskPlugin.UnitTest\bin\Debug\VideoOS.EventServer.TaskPlugin.UnitTest.dll" adapterTypeName="executor://mstestadapter/v2" className="EventServerTaskPlugin.UnitTest.AccessControlSources.AccessControlCredentialsProviderTests" name="AccessControlSystemCredentialsToBeMigrated_ShouldReturnTwoElements_WhenDestinationEncryptionControllerCannotDecryptTwoElements" />
    </UnitTest>
    <UnitTest name="GetSubKinds_ShouldReturnCorrectValues" storage="d:\actions-runner\_work\xpco\xpco\eventserver\server\installer\videoos.eventserver.taskplugin.unittest\bin\debug\videoos.eventserver.taskplugin.unittest.dll" id="dcfc6f19-5f45-f920-ab3a-8ff45595b83e">
      <Execution id="a652cd20-ef54-4bbc-ac1b-2f82f18d92f5" />
      <TestMethod codeBase="D:\actions-runner\_work\XPCO\XPCO\EventServer\Server\Installer\VideoOS.EventServer.TaskPlugin.UnitTest\bin\Debug\VideoOS.EventServer.TaskPlugin.UnitTest.dll" adapterTypeName="executor://mstestadapter/v2" className="EventServerTaskPlugin.UnitTest.AccessControlSources.AccessControlElementsGuidHashingProviderTest" name="GetSubKinds_ShouldReturnCorrectValues" />
    </UnitTest>
    <UnitTest name="Constructor_ShouldRaiseArgumentNullException_WhenKeyStorageIsNull" storage="d:\actions-runner\_work\xpco\xpco\eventserver\server\installer\videoos.eventserver.taskplugin.unittest\bin\debug\videoos.eventserver.taskplugin.unittest.dll" id="aaeba430-1df3-dbfb-d2c2-e063361023d3">
      <TestCategory>
        <TestCategoryItem TestCategory="AccessControlSources" />
      </TestCategory>
      <Execution id="63befe1c-aa08-4adf-9fd1-f732d3e06406" />
      <TestMethod codeBase="D:\actions-runner\_work\XPCO\XPCO\EventServer\Server\Installer\VideoOS.EventServer.TaskPlugin.UnitTest\bin\Debug\VideoOS.EventServer.TaskPlugin.UnitTest.dll" adapterTypeName="executor://mstestadapter/v2" className="EventServerTaskPlugin.UnitTest.AccessControlSources.AccessControlCredentialsProviderFactoryTests" name="Constructor_ShouldRaiseArgumentNullException_WhenKeyStorageIsNull" />
    </UnitTest>
    <UnitTest name="Decrypt_ShouldRaiseDecryptException_WhenEncryptedContentIsNotEncrypted" storage="d:\actions-runner\_work\xpco\xpco\eventserver\server\installer\videoos.eventserver.taskplugin.unittest\bin\debug\videoos.eventserver.taskplugin.unittest.dll" id="06546f03-c403-c04f-4106-08b86770b7c1">
      <TestCategory>
        <TestCategoryItem TestCategory="Controllers.Encryptions.TripleDES" />
      </TestCategory>
      <Execution id="a70e7f3f-36db-4763-9ce1-d782f9c5d0f8" />
      <TestMethod codeBase="D:\actions-runner\_work\XPCO\XPCO\EventServer\Server\Installer\VideoOS.EventServer.TaskPlugin.UnitTest\bin\Debug\VideoOS.EventServer.TaskPlugin.UnitTest.dll" adapterTypeName="executor://mstestadapter/v2" className="EventServerTaskPlugin.UnitTest.Controllers.Encryptions.TripleDES.TripleDESBasedControllerTests" name="Decrypt_ShouldRaiseDecryptException_WhenEncryptedContentIsNotEncrypted" />
    </UnitTest>
    <UnitTest name="UnencryptedMasterKey_ShouldRaiseKeyStorageException_WhenLogIsNull" storage="d:\actions-runner\_work\xpco\xpco\eventserver\server\installer\videoos.eventserver.taskplugin.unittest\bin\debug\videoos.eventserver.taskplugin.unittest.dll" id="ca7eaad0-c6ab-7123-b08d-cde1fd13bfc6">
      <TestCategory>
        <TestCategoryItem TestCategory="Controllers.Encryptions.MasterKeyBased" />
      </TestCategory>
      <Execution id="f9a2c675-6978-4f1b-96d7-570d13bbb5e2" />
      <TestMethod codeBase="D:\actions-runner\_work\XPCO\XPCO\EventServer\Server\Installer\VideoOS.EventServer.TaskPlugin.UnitTest\bin\Debug\VideoOS.EventServer.TaskPlugin.UnitTest.dll" adapterTypeName="executor://mstestadapter/v2" className="EventServerTaskPlugin.UnitTest.Controllers.Encryptions.MasterKeyBased.KeyManagerTests" name="UnencryptedMasterKey_ShouldRaiseKeyStorageException_WhenLogIsNull" />
    </UnitTest>
    <UnitTest name="WhenUpdateThenEncryptionReplacedUpdate" storage="d:\actions-runner\_work\xpco\xpco\eventserver\server\installer\videoos.eventserver.taskplugin.unittest\bin\debug\videoos.eventserver.taskplugin.unittest.dll" id="ce2f452f-3d54-8463-88ae-371fb48aaff1">
      <Execution id="767d2e14-e2b1-4149-ad8e-63d5a321390d" />
      <TestMethod codeBase="D:\actions-runner\_work\XPCO\XPCO\EventServer\Server\Installer\VideoOS.EventServer.TaskPlugin.UnitTest\bin\Debug\VideoOS.EventServer.TaskPlugin.UnitTest.dll" adapterTypeName="executor://mstestadapter/v2" className="EventServerTaskPlugin.UnitTest.ConfigurationDocumentUpdaterTest" name="WhenUpdateThenEncryptionReplacedUpdate" />
    </UnitTest>
    <UnitTest name="WhenGetBuiltInDoorCategoriesThenDoorsPairsMd5Sha1Returned" storage="d:\actions-runner\_work\xpco\xpco\eventserver\server\installer\videoos.eventserver.taskplugin.unittest\bin\debug\videoos.eventserver.taskplugin.unittest.dll" id="e0b69f45-6966-88be-26ff-c903af5a7ba5">
      <Execution id="d8fb9f78-347c-4d6a-b56d-c320f0220987" />
      <TestMethod codeBase="D:\actions-runner\_work\XPCO\XPCO\EventServer\Server\Installer\VideoOS.EventServer.TaskPlugin.UnitTest\bin\Debug\VideoOS.EventServer.TaskPlugin.UnitTest.dll" adapterTypeName="executor://mstestadapter/v2" className="EventServerTaskPlugin.UnitTest.AccessControlCategoriesGuidHashingProviderTest" name="WhenGetBuiltInDoorCategoriesThenDoorsPairsMd5Sha1Returned" />
    </UnitTest>
    <UnitTest name="Constructor_ShouldRaiseArgumentNullException_WhenSymmetricEncryptionIsNull" storage="d:\actions-runner\_work\xpco\xpco\eventserver\server\installer\videoos.eventserver.taskplugin.unittest\bin\debug\videoos.eventserver.taskplugin.unittest.dll" id="1a59638a-b129-1c53-4d9e-6063e65f7fb6">
      <TestCategory>
        <TestCategoryItem TestCategory="Controllers.Encryptions.MasterKeyBased" />
      </TestCategory>
      <Execution id="58ec87a4-730e-4179-967c-8c1849fd8503" />
      <TestMethod codeBase="D:\actions-runner\_work\XPCO\XPCO\EventServer\Server\Installer\VideoOS.EventServer.TaskPlugin.UnitTest\bin\Debug\VideoOS.EventServer.TaskPlugin.UnitTest.dll" adapterTypeName="executor://mstestadapter/v2" className="EventServerTaskPlugin.UnitTest.Controllers.Encryptions.MasterKeyBased.MasterKeyBasedControllerTests" name="Constructor_ShouldRaiseArgumentNullException_WhenSymmetricEncryptionIsNull" />
    </UnitTest>
  </TestDefinitions>
  <TestEntries>
    <TestEntry testId="1a7addec-f2b2-19b6-3a2e-6585fc095c36" executionId="eac8f088-f333-4450-97aa-e4900b708bef" testListId="8c84fa94-04c1-424b-9868-57a2d4851a1d" />
    <TestEntry testId="633487f4-7693-130d-f78b-b347633763c3" executionId="42bb83c9-e850-4554-a374-f81e09d342ee" testListId="8c84fa94-04c1-424b-9868-57a2d4851a1d" />
    <TestEntry testId="7769072a-ca1b-8ab9-160d-0da72a267230" executionId="17712395-8bc7-43b4-84b3-0a975aaf1432" testListId="8c84fa94-04c1-424b-9868-57a2d4851a1d" />
    <TestEntry testId="d9f66616-4fa6-0335-fe95-7417cd15206a" executionId="d2240284-5560-4e4d-88ea-1c1f870d918b" testListId="8c84fa94-04c1-424b-9868-57a2d4851a1d" />
    <TestEntry testId="5d1dd5ac-d2e3-3e5f-672c-d478c8d332df" executionId="3d8a3fd7-1079-48d8-bf46-bb74ad1ae6c5" testListId="8c84fa94-04c1-424b-9868-57a2d4851a1d" />
    <TestEntry testId="a210d53e-8c18-d3d4-2740-bd365a5e0cec" executionId="7b1c93a9-3c57-4128-92de-5114c840009c" testListId="8c84fa94-04c1-424b-9868-57a2d4851a1d" />
    <TestEntry testId="1d7c4460-5dfc-c818-ac65-0dc9818eed19" executionId="9f9c50ac-a64f-484e-b11f-8de1c1416867" testListId="8c84fa94-04c1-424b-9868-57a2d4851a1d" />
    <TestEntry testId="c8e37ea3-865d-7568-db96-58c49ccbaa48" executionId="8b0415cb-e1d9-422e-b342-9e380c888ff6" testListId="8c84fa94-04c1-424b-9868-57a2d4851a1d" />
    <TestEntry testId="e4564ec5-0a7a-6202-6b4b-2cbf86aa4f7f" executionId="3fee9453-34a2-4248-80c7-05567bbfee7e" testListId="8c84fa94-04c1-424b-9868-57a2d4851a1d" />
    <TestEntry testId="ce2f452f-3d54-8463-88ae-371fb48aaff1" executionId="767d2e14-e2b1-4149-ad8e-63d5a321390d" testListId="8c84fa94-04c1-424b-9868-57a2d4851a1d" />
    <TestEntry testId="a564438b-e454-f88d-20fc-2d40d0e1aceb" executionId="62670106-2e41-4316-8362-8c2edb028a4f" testListId="8c84fa94-04c1-424b-9868-57a2d4851a1d" />
    <TestEntry testId="e243460c-f169-78a5-1cec-708bdcfa1515" executionId="bccfa652-8ffa-4161-a5f0-885d7b4720d1" testListId="8c84fa94-04c1-424b-9868-57a2d4851a1d" />
    <TestEntry testId="b320a399-6493-db75-a803-7914bb70b080" executionId="fd160257-9006-496f-9f76-ec92edb29cee" testListId="8c84fa94-04c1-424b-9868-57a2d4851a1d" />
    <TestEntry testId="26547426-9915-7840-6b79-2e49020a1be9" executionId="ee2b3837-fc29-4c7e-b686-5826d8edcb94" testListId="8c84fa94-04c1-424b-9868-57a2d4851a1d" />
    <TestEntry testId="06546f03-c403-c04f-4106-08b86770b7c1" executionId="a70e7f3f-36db-4763-9ce1-d782f9c5d0f8" testListId="8c84fa94-04c1-424b-9868-57a2d4851a1d" />
    <TestEntry testId="9272fb9e-403b-61fa-be23-ea7669fa4d2c" executionId="9ea20b1e-243d-4201-a72e-f6a636822e61" testListId="8c84fa94-04c1-424b-9868-57a2d4851a1d" />
    <TestEntry testId="3329b117-0821-d98e-05ee-7414e501b993" executionId="0762a5db-0afe-4038-8078-f5c481705ec5" testListId="8c84fa94-04c1-424b-9868-57a2d4851a1d" />
    <TestEntry testId="ed4b3933-bce8-973a-018e-3b539f1412f3" executionId="0408580c-409d-466b-ab2c-4d9aa19bcd46" testListId="8c84fa94-04c1-424b-9868-57a2d4851a1d" />
    <TestEntry testId="35d916cb-ff84-15c5-6a1b-9948bc9d233b" executionId="b77a6ce7-6f78-4f9b-b23c-14d6176d74e1" testListId="8c84fa94-04c1-424b-9868-57a2d4851a1d" />
    <TestEntry testId="e0b69f45-6966-88be-26ff-c903af5a7ba5" executionId="d8fb9f78-347c-4d6a-b56d-c320f0220987" testListId="8c84fa94-04c1-424b-9868-57a2d4851a1d" />
    <TestEntry testId="dedae99a-0d8b-5ed2-cb14-233c1b9a3ff0" executionId="d99686aa-4445-471d-8c8a-d092614b81f0" testListId="8c84fa94-04c1-424b-9868-57a2d4851a1d" />
    <TestEntry testId="caf1ccdb-af3b-4eef-bf4d-ef83ab0ab506" executionId="396b6085-5651-45b9-b22d-220804afa134" testListId="8c84fa94-04c1-424b-9868-57a2d4851a1d" />
    <TestEntry testId="11438475-3fa1-a629-d593-64a2841e0d59" executionId="7e9e4180-fa1e-434a-81f4-6dbdda9075db" testListId="8c84fa94-04c1-424b-9868-57a2d4851a1d" />
    <TestEntry testId="a0ff269a-4deb-e8b2-d80e-b05a31c6bf35" executionId="d2258c8e-b608-45db-afb0-ff1ecb5283c7" testListId="8c84fa94-04c1-424b-9868-57a2d4851a1d" />
    <TestEntry testId="36a0c4b1-c6b3-d650-34d2-0ce340a88cc7" executionId="68b997ca-d68b-43ee-b98b-b60751c5c10b" testListId="8c84fa94-04c1-424b-9868-57a2d4851a1d" />
    <TestEntry testId="2b06e588-d26b-3e99-f0ca-231a3a0bc3bd" executionId="81a60481-37ea-4a42-bc6b-111a6eb123cd" testListId="8c84fa94-04c1-424b-9868-57a2d4851a1d" />
    <TestEntry testId="cdbf1535-3dbf-33cc-7f90-cfa90525b719" executionId="e74a74d9-8173-4ae2-8ca1-1a16e55574c7" testListId="8c84fa94-04c1-424b-9868-57a2d4851a1d" />
    <TestEntry testId="b4b8ba27-07b4-6b97-1303-07dac956b05e" executionId="c2063e9c-0cd9-4af0-8ff2-579d8cb74685" testListId="8c84fa94-04c1-424b-9868-57a2d4851a1d" />
    <TestEntry testId="fa56fabd-0159-1bbc-29bd-53bf2717d56d" executionId="c07036b2-ffb9-4ccf-85b9-e5f904b11bfb" testListId="8c84fa94-04c1-424b-9868-57a2d4851a1d" />
    <TestEntry testId="fcbbe868-1da9-c1d8-a819-22ddf2cb2b2b" executionId="66924a21-900a-4042-bdc7-0c888c5eac99" testListId="8c84fa94-04c1-424b-9868-57a2d4851a1d" />
    <TestEntry testId="debef036-7aef-e23a-3725-29172b0a81a6" executionId="81a913d5-2051-4f9f-a8c0-2a3bd2c90776" testListId="8c84fa94-04c1-424b-9868-57a2d4851a1d" />
    <TestEntry testId="2c35e318-8319-c7c0-3d1b-0b4d83b4c53d" executionId="4993c061-b138-4f5c-b845-fef29e3639b0" testListId="8c84fa94-04c1-424b-9868-57a2d4851a1d" />
    <TestEntry testId="62b4a797-7c58-a8e6-0a85-b6b9b4bf7371" executionId="867f2eba-9a41-40b1-88ad-5c506d4470b2" testListId="8c84fa94-04c1-424b-9868-57a2d4851a1d" />
    <TestEntry testId="598d2d4c-0b45-be8d-8ae7-72cb5bfdef58" executionId="662129b9-a7ef-464f-a688-3a7009013ee1" testListId="8c84fa94-04c1-424b-9868-57a2d4851a1d" />
    <TestEntry testId="7343f979-38b0-911d-a618-e6896cb3cfd0" executionId="c70816b3-ab29-4def-92a8-9b0e756cbf11" testListId="8c84fa94-04c1-424b-9868-57a2d4851a1d" />
    <TestEntry testId="e06bd3e0-529e-8838-50da-1bb59e3e3da2" executionId="c0805393-0267-497e-a0dc-3d6b1b61ac4a" testListId="8c84fa94-04c1-424b-9868-57a2d4851a1d" />
    <TestEntry testId="4c802b83-8cc5-6f82-c220-b53a3c26aaf1" executionId="cf7d2b4e-ebb7-428c-a87a-6a543c193f5b" testListId="8c84fa94-04c1-424b-9868-57a2d4851a1d" />
    <TestEntry testId="e490666c-3c71-0c62-13b6-dd38c6307229" executionId="5e163132-5d4c-4da0-a74f-e684857b4dc0" testListId="8c84fa94-04c1-424b-9868-57a2d4851a1d" />
    <TestEntry testId="85ffc384-444a-6701-5e4f-49e25d5c0373" executionId="6f1d422a-35c3-47a9-bc8d-fbf911e8363a" testListId="8c84fa94-04c1-424b-9868-57a2d4851a1d" />
    <TestEntry testId="ca7eaad0-c6ab-7123-b08d-cde1fd13bfc6" executionId="f9a2c675-6978-4f1b-96d7-570d13bbb5e2" testListId="8c84fa94-04c1-424b-9868-57a2d4851a1d" />
    <TestEntry testId="c24a3d08-0fad-3d66-eff2-4a2291ba303d" executionId="8a5ad44d-1da0-476f-9739-30c29ff735a7" testListId="8c84fa94-04c1-424b-9868-57a2d4851a1d" />
    <TestEntry testId="6904abd7-eceb-1e94-5aef-abddaf6cba44" executionId="f0f40265-5dd4-4c5f-aed6-2d89a5d79c46" testListId="8c84fa94-04c1-424b-9868-57a2d4851a1d" />
    <TestEntry testId="889d311d-cae1-351a-69cd-f38bf34c398d" executionId="ccf08bf9-8b06-4793-988c-d2b2b4da481a" testListId="8c84fa94-04c1-424b-9868-57a2d4851a1d" />
    <TestEntry testId="570f7a38-e087-44e8-7a66-dbe93afadb60" executionId="ee23cae9-c762-49f7-93e4-792b89f550b2" testListId="8c84fa94-04c1-424b-9868-57a2d4851a1d" />
    <TestEntry testId="455235c4-0442-78c6-3aae-212e3477b0f5" executionId="c9525328-c8f3-4ef5-b930-72c76e988fe1" testListId="8c84fa94-04c1-424b-9868-57a2d4851a1d" />
    <TestEntry testId="9fdbfd50-cf59-ef77-764b-173496a13139" executionId="ae22f41e-d491-4b35-8a32-d18023f8ca97" testListId="8c84fa94-04c1-424b-9868-57a2d4851a1d" />
    <TestEntry testId="c1a216f3-241e-3470-21a6-45535908e778" executionId="c04e562c-6ec1-4043-8aff-6824145b099c" testListId="8c84fa94-04c1-424b-9868-57a2d4851a1d" />
    <TestEntry testId="afd06f84-d2bc-8d00-7581-27b5efe9ba19" executionId="e512ecdf-04c4-40ba-8472-ed85f13fcf7c" testListId="8c84fa94-04c1-424b-9868-57a2d4851a1d" />
    <TestEntry testId="8adddc19-e456-714c-f506-ecc2b0ac3c0f" executionId="4927ceee-dda1-40a1-aac0-385d7223675e" testListId="8c84fa94-04c1-424b-9868-57a2d4851a1d" />
    <TestEntry testId="dcfc6f19-5f45-f920-ab3a-8ff45595b83e" executionId="a652cd20-ef54-4bbc-ac1b-2f82f18d92f5" testListId="8c84fa94-04c1-424b-9868-57a2d4851a1d" />
    <TestEntry testId="89048dce-191e-00b7-8de1-0341de920f9c" executionId="e78e9efd-dc03-47be-b1b1-6794f8b46836" testListId="8c84fa94-04c1-424b-9868-57a2d4851a1d" />
    <TestEntry testId="d6a58865-52e2-8720-db3e-4025050374d0" executionId="7064805a-fa3f-45d6-a395-7c58b3551f5b" testListId="8c84fa94-04c1-424b-9868-57a2d4851a1d" />
    <TestEntry testId="c0afae20-0d21-d3f9-b148-255c20cfcbf8" executionId="ad3427d1-f84f-4f8f-909b-948ea6f49db9" testListId="8c84fa94-04c1-424b-9868-57a2d4851a1d" />
    <TestEntry testId="63fc7eba-daed-5cd1-929b-1bc15f4e007c" executionId="aa316b67-11f7-4575-b96c-db9b7a104891" testListId="8c84fa94-04c1-424b-9868-57a2d4851a1d" />
    <TestEntry testId="17877695-da28-eccc-c4f8-e9f3e4cf5004" executionId="5123610c-3736-4c9c-87c4-0103c66926d2" testListId="8c84fa94-04c1-424b-9868-57a2d4851a1d" />
    <TestEntry testId="cc8c04ba-678d-f70e-5c9d-ce3418af3dc0" executionId="0cd34e69-d067-420d-9ad4-cf2358b79e5f" testListId="8c84fa94-04c1-424b-9868-57a2d4851a1d" />
    <TestEntry testId="e560b7f5-f0ab-986d-676f-4a15a537fc9c" executionId="7c459540-69a8-4011-a15d-8f5aa4fbed88" testListId="8c84fa94-04c1-424b-9868-57a2d4851a1d" />
    <TestEntry testId="edd57013-394e-0693-7244-5b271c6a0192" executionId="0439d80f-9742-4756-b68e-e025a0de4594" testListId="8c84fa94-04c1-424b-9868-57a2d4851a1d" />
    <TestEntry testId="1a59638a-b129-1c53-4d9e-6063e65f7fb6" executionId="58ec87a4-730e-4179-967c-8c1849fd8503" testListId="8c84fa94-04c1-424b-9868-57a2d4851a1d" />
    <TestEntry testId="3dd08ff4-9e35-a831-3721-f60df872dbb6" executionId="a2052334-71c3-456f-aae8-aecf3d0bde33" testListId="8c84fa94-04c1-424b-9868-57a2d4851a1d" />
    <TestEntry testId="ad421100-7121-9b39-1de3-c0660dcc065c" executionId="a7cba536-0cff-4c93-8e43-ea6518cbd976" testListId="8c84fa94-04c1-424b-9868-57a2d4851a1d" />
    <TestEntry testId="5ec4e238-b007-7aa1-5c83-2a6198e29491" executionId="13575d45-eca1-4d47-b395-76e4d9292034" testListId="8c84fa94-04c1-424b-9868-57a2d4851a1d" />
    <TestEntry testId="ea2116a0-3a43-a70e-26c7-8bb46c9d3c83" executionId="43750192-04bf-4116-875c-d7b7c580067b" testListId="8c84fa94-04c1-424b-9868-57a2d4851a1d" />
    <TestEntry testId="34153896-7eea-179d-86a9-8c5590b1a558" executionId="8ab0cebc-b394-44ef-b454-ae62de46dfbc" testListId="8c84fa94-04c1-424b-9868-57a2d4851a1d" />
    <TestEntry testId="842ab43b-d837-6ec7-51eb-47adf3ed3356" executionId="4e82b3c3-be67-4a8e-a7d7-00e5fecb2dd0" testListId="8c84fa94-04c1-424b-9868-57a2d4851a1d" />
    <TestEntry testId="599d1174-ef5d-a494-0cea-bfa231d276ed" executionId="a248bcf0-6cab-4057-bd52-939d423b9875" testListId="8c84fa94-04c1-424b-9868-57a2d4851a1d" />
    <TestEntry testId="29da7563-10b8-43a9-7977-b009824dfcd1" executionId="2325d52a-b6f6-4219-a742-857e0a188d0e" testListId="8c84fa94-04c1-424b-9868-57a2d4851a1d" />
    <TestEntry testId="f71823a0-7df6-c6a3-5b47-6a844aa3bde2" executionId="99d4cb51-feec-487e-8846-9dddc5461b5b" testListId="8c84fa94-04c1-424b-9868-57a2d4851a1d" />
    <TestEntry testId="58643e0d-60ae-2621-32d3-d575d3b58145" executionId="6bdd69d7-5b13-4872-a620-bf16823a6140" testListId="8c84fa94-04c1-424b-9868-57a2d4851a1d" />
    <TestEntry testId="96c9820c-7c90-8f40-37bb-d158b655091a" executionId="973b2740-434d-4cce-b9da-623436968af7" testListId="8c84fa94-04c1-424b-9868-57a2d4851a1d" />
    <TestEntry testId="cb513d70-86c8-488d-14d1-69c872f446f2" executionId="5485d558-fee1-4d5a-a22b-6672943b870e" testListId="8c84fa94-04c1-424b-9868-57a2d4851a1d" />
    <TestEntry testId="492e084d-6db3-c91f-76dd-ab224ffb20ce" executionId="33590108-bfc1-4873-8e85-520f77b7b469" testListId="8c84fa94-04c1-424b-9868-57a2d4851a1d" />
    <TestEntry testId="749f4054-2f94-d36a-adad-5ca571147f15" executionId="eda90b67-797a-4863-bc26-5e9ad1010e08" testListId="8c84fa94-04c1-424b-9868-57a2d4851a1d" />
    <TestEntry testId="10679be5-b06e-3d9d-c8a3-b3be6d3a84bd" executionId="ac79fbf1-80c8-4fd7-875f-0138bd338b1e" testListId="8c84fa94-04c1-424b-9868-57a2d4851a1d" />
    <TestEntry testId="b611df29-e9f4-3a78-1fe6-d606b8a05367" executionId="1be01e15-2cbe-40ad-b91e-c3a3f999fa1f" testListId="8c84fa94-04c1-424b-9868-57a2d4851a1d" />
    <TestEntry testId="4d6937b5-d3c5-23d5-d612-b8dfa167c339" executionId="86e5a346-73c5-4d2c-be00-162b46ed2e9b" testListId="8c84fa94-04c1-424b-9868-57a2d4851a1d" />
    <TestEntry testId="cd04cbdd-b6e3-9dbe-9451-611fb0aebc06" executionId="0157f62d-cb2d-4b7f-837f-e6b1906fc25f" testListId="8c84fa94-04c1-424b-9868-57a2d4851a1d" />
    <TestEntry testId="94c9126a-1b42-dc50-b34f-cf1aabaf9482" executionId="a8084910-7a55-4e8f-9928-59fb5467dcbd" testListId="8c84fa94-04c1-424b-9868-57a2d4851a1d" />
    <TestEntry testId="fd6df17d-e049-6a3a-e16c-4f8a613b1e1a" executionId="dcb06567-190f-44c0-bbfb-3e926b61220c" testListId="8c84fa94-04c1-424b-9868-57a2d4851a1d" />
    <TestEntry testId="6e32c5b8-e70e-6db9-2478-a9d1587e3457" executionId="43b67554-b433-4c1b-a8f5-ca5658e99cb1" testListId="8c84fa94-04c1-424b-9868-57a2d4851a1d" />
    <TestEntry testId="daf5f9fc-c51e-5715-d2fb-47ceefa4d317" executionId="dd8e10ee-d690-4947-9bdc-751faff4d824" testListId="8c84fa94-04c1-424b-9868-57a2d4851a1d" />
    <TestEntry testId="0bdcbe3a-20af-7f84-f953-c0b438a24ff8" executionId="126e5b6e-d365-49e2-93f2-3b249b65ef3e" testListId="8c84fa94-04c1-424b-9868-57a2d4851a1d" />
    <TestEntry testId="812d9b19-81f0-3886-88c8-e4707c51664a" executionId="eda27d54-a71d-45e3-a2ee-2a6a52dbe508" testListId="8c84fa94-04c1-424b-9868-57a2d4851a1d" />
    <TestEntry testId="530dc381-ed03-5112-06b9-4cb21b2a75cd" executionId="8b43a29b-c7ec-41d8-8571-f932ab662acf" testListId="8c84fa94-04c1-424b-9868-57a2d4851a1d" />
    <TestEntry testId="83ffbeae-e96b-b22c-4812-c180d8a7a871" executionId="8331b83c-f656-479e-bbc2-ad36ed472bd7" testListId="8c84fa94-04c1-424b-9868-57a2d4851a1d" />
    <TestEntry testId="7288bc96-7348-c90d-9023-a5549a5cfc65" executionId="3221039f-8964-46ad-a5c4-f12584dbf35f" testListId="8c84fa94-04c1-424b-9868-57a2d4851a1d" />
    <TestEntry testId="a01c51a0-8ad2-bceb-83f2-de532fa924f8" executionId="ac231a64-628c-4344-9a99-6fc22ecd284c" testListId="8c84fa94-04c1-424b-9868-57a2d4851a1d" />
    <TestEntry testId="aaeba430-1df3-dbfb-d2c2-e063361023d3" executionId="63befe1c-aa08-4adf-9fd1-f732d3e06406" testListId="8c84fa94-04c1-424b-9868-57a2d4851a1d" />
    <TestEntry testId="e9bca57a-7bd6-8699-724c-8f91f9619420" executionId="267f0ba6-3ad0-4430-ae65-46c95ced33f3" testListId="8c84fa94-04c1-424b-9868-57a2d4851a1d" />
  </TestEntries>
  <TestLists>
    <TestList name="Results Not in a List" id="8c84fa94-04c1-424b-9868-57a2d4851a1d" />
    <TestList name="All Loaded Results" id="19431567-8539-422a-85d7-44ee4e166bda" />
  </TestLists>
  <ResultSummary outcome="Completed">
    <Counters total="89" executed="89" passed="89" failed="0" error="0" timeout="0" aborted="0" inconclusive="0" passedButRunAborted="0" notRunnable="0" notExecuted="0" disconnected="0" warning="0" completed="0" inProgress="0" pending="0" />
  </ResultSummary>
</TestRun>