<?xml version="1.0" encoding="utf-8"?>
<TestRun id="dab18f0f-c1a9-41db-a54f-8798e19b1876" name="DKSR-EFI-06$@DKSR-EFI-06 2024-01-09 15:44:48" runUser="NT AUTHORITY\NETWORK SERVICE" xmlns="http://microsoft.com/schemas/VisualStudio/TeamTest/2010">
  <Times creation="2024-01-09T15:44:48.7951700+01:00" queuing="2024-01-09T15:44:48.7951700+01:00" start="2024-01-09T15:44:47.2012197+01:00" finish="2024-01-09T15:44:48.8262220+01:00" />
  <TestSettings name="default" id="8535bd55-82f3-466d-90b8-2e92096c4591">
    <Deployment runDeploymentRoot="DKSR-EFI-06$_DKSR-EFI-06_2024-01-09_15_44_48" />
  </TestSettings>
  <Results>
    <UnitTestResult executionId="46631799-a451-47a5-b15e-2199f64e73a8" testId="cc7f35ee-70c5-9775-5307-6c309ab3aa34" testName="HandleCheckBoxChanged_ShouldUncheckParentCheckBox_WhenChildGetsUnchecked" computerName="DKSR-EFI-06" duration="00:00:00.0045641" startTime="2024-01-09T15:44:48.5293485+01:00" endTime="2024-01-09T15:44:48.5293485+01:00" testType="13cdc9d9-ddb5-4fa4-a97d-d965ccfc6d4b" outcome="Passed" testListId="8c84fa94-04c1-424b-9868-57a2d4851a1d" relativeResultsDirectory="46631799-a451-47a5-b15e-2199f64e73a8" />
    <UnitTestResult executionId="5306bc25-6c9f-4e19-86d6-cb7d70608d3e" testId="7acefc41-e00c-ebaf-aae4-26c1420d468f" testName="HandleCheckBoxChanged_ShouldUncheckAscendantCheckBox_WhenDescendantGetsUnchecked" computerName="DKSR-EFI-06" duration="00:00:00.0061751" startTime="2024-01-09T15:44:48.5293485+01:00" endTime="2024-01-09T15:44:48.5449737+01:00" testType="13cdc9d9-ddb5-4fa4-a97d-d965ccfc6d4b" outcome="Passed" testListId="8c84fa94-04c1-424b-9868-57a2d4851a1d" relativeResultsDirectory="5306bc25-6c9f-4e19-86d6-cb7d70608d3e" />
    <UnitTestResult executionId="7945e834-4a99-47b3-aac5-9a7bad29b79c" testId="6acbdd47-edf1-67c0-98f1-02ecac1b0af8" testName="HandleCheckBoxChanged_ShouldMarkCheckBoxAndDescendants_WhenParentCheckBoxIsChecked" computerName="DKSR-EFI-06" duration="00:00:00.1401691" startTime="2024-01-09T15:44:48.3887232+01:00" endTime="2024-01-09T15:44:48.5293485+01:00" testType="13cdc9d9-ddb5-4fa4-a97d-d965ccfc6d4b" outcome="Passed" testListId="8c84fa94-04c1-424b-9868-57a2d4851a1d" relativeResultsDirectory="7945e834-4a99-47b3-aac5-9a7bad29b79c" />
    <UnitTestResult executionId="f15e8871-a347-400f-a1fa-bda96701daa7" testId="1b82c4b7-6a22-1f54-2414-3c251fc46eb3" testName="HandleCheckBoxChanged_ShouldRaiseArgumentNullException_WhenTreeNodeAdvIsNull" computerName="DKSR-EFI-06" duration="00:00:00.0630677" startTime="2024-01-09T15:44:48.3262211+01:00" endTime="2024-01-09T15:44:48.3887232+01:00" testType="13cdc9d9-ddb5-4fa4-a97d-d965ccfc6d4b" outcome="Passed" testListId="8c84fa94-04c1-424b-9868-57a2d4851a1d" relativeResultsDirectory="f15e8871-a347-400f-a1fa-bda96701daa7" />
    <UnitTestResult executionId="1a5f4dbb-ee62-468a-981b-76f27f6273a6" testId="ebe94fa4-a75b-763b-70d8-3c2b8b8e5433" testName="ProcessingServerPluginMetadata_ShouldMatchCurrentBuildAssemblyVersion_WhenIsLoaded" computerName="DKSR-EFI-06" duration="00:00:00.0672690" startTime="2024-01-09T15:44:48.0918470+01:00" endTime="2024-01-09T15:44:48.2480972+01:00" testType="13cdc9d9-ddb5-4fa4-a97d-d965ccfc6d4b" outcome="Passed" testListId="8c84fa94-04c1-424b-9868-57a2d4851a1d" relativeResultsDirectory="1a5f4dbb-ee62-468a-981b-76f27f6273a6" />
    <UnitTestResult executionId="8187cfec-95a2-46ff-b195-4d7d971b0893" testId="efaffa43-8f1b-2b80-af05-cd0ae5662be2" testName="HandleCheckBoxChanged_ShouldRaiseArgumentNullException_WhenNodeCheckBoxIsNull" computerName="DKSR-EFI-06" duration="00:00:00.0605245" startTime="2024-01-09T15:44:48.2637209+01:00" endTime="2024-01-09T15:44:48.3262211+01:00" testType="13cdc9d9-ddb5-4fa4-a97d-d965ccfc6d4b" outcome="Passed" testListId="8c84fa94-04c1-424b-9868-57a2d4851a1d" relativeResultsDirectory="8187cfec-95a2-46ff-b195-4d7d971b0893" />
  </Results>
  <TestDefinitions>
    <UnitTest name="HandleCheckBoxChanged_ShouldRaiseArgumentNullException_WhenTreeNodeAdvIsNull" storage="d:\actions-runner\_work\xpco\xpco\processingserver\mipplugins\admin\binaries\tst\unittest\bin\debug\videoos.processingserver.plugin.admin.unittest.dll" id="1b82c4b7-6a22-1f54-2414-3c251fc46eb3">
      <TestCategory>
        <TestCategoryItem TestCategory="VideoOS.ProcessingServer.Plugin.Admin.UnitTest.Admin.UI.Treeview" />
      </TestCategory>
      <Execution id="f15e8871-a347-400f-a1fa-bda96701daa7" />
      <TestMethod codeBase="D:\actions-runner\_work\XPCO\XPCO\ProcessingServer\MipPlugins\Admin\Binaries\tst\UnitTest\bin\Debug\VideoOS.ProcessingServer.Plugin.Admin.UnitTest.dll" adapterTypeName="executor://mstestadapter/v2" className="VideoOS.ProcessingServer.Plugin.Admin.UnitTest.Admin.UI.TreeView.CheckboxControllerTests" name="HandleCheckBoxChanged_ShouldRaiseArgumentNullException_WhenTreeNodeAdvIsNull" />
    </UnitTest>
    <UnitTest name="HandleCheckBoxChanged_ShouldMarkCheckBoxAndDescendants_WhenParentCheckBoxIsChecked" storage="d:\actions-runner\_work\xpco\xpco\processingserver\mipplugins\admin\binaries\tst\unittest\bin\debug\videoos.processingserver.plugin.admin.unittest.dll" id="6acbdd47-edf1-67c0-98f1-02ecac1b0af8">
      <TestCategory>
        <TestCategoryItem TestCategory="VideoOS.ProcessingServer.Plugin.Admin.UnitTest.Admin.UI.Treeview" />
      </TestCategory>
      <Execution id="7945e834-4a99-47b3-aac5-9a7bad29b79c" />
      <TestMethod codeBase="D:\actions-runner\_work\XPCO\XPCO\ProcessingServer\MipPlugins\Admin\Binaries\tst\UnitTest\bin\Debug\VideoOS.ProcessingServer.Plugin.Admin.UnitTest.dll" adapterTypeName="executor://mstestadapter/v2" className="VideoOS.ProcessingServer.Plugin.Admin.UnitTest.Admin.UI.TreeView.CheckboxControllerTests" name="HandleCheckBoxChanged_ShouldMarkCheckBoxAndDescendants_WhenParentCheckBoxIsChecked" />
    </UnitTest>
    <UnitTest name="HandleCheckBoxChanged_ShouldUncheckAscendantCheckBox_WhenDescendantGetsUnchecked" storage="d:\actions-runner\_work\xpco\xpco\processingserver\mipplugins\admin\binaries\tst\unittest\bin\debug\videoos.processingserver.plugin.admin.unittest.dll" id="7acefc41-e00c-ebaf-aae4-26c1420d468f">
      <TestCategory>
        <TestCategoryItem TestCategory="VideoOS.ProcessingServer.Plugin.Admin.UnitTest.Admin.UI.Treeview" />
      </TestCategory>
      <Execution id="5306bc25-6c9f-4e19-86d6-cb7d70608d3e" />
      <TestMethod codeBase="D:\actions-runner\_work\XPCO\XPCO\ProcessingServer\MipPlugins\Admin\Binaries\tst\UnitTest\bin\Debug\VideoOS.ProcessingServer.Plugin.Admin.UnitTest.dll" adapterTypeName="executor://mstestadapter/v2" className="VideoOS.ProcessingServer.Plugin.Admin.UnitTest.Admin.UI.TreeView.CheckboxControllerTests" name="HandleCheckBoxChanged_ShouldUncheckAscendantCheckBox_WhenDescendantGetsUnchecked" />
    </UnitTest>
    <UnitTest name="ProcessingServerPluginMetadata_ShouldMatchCurrentBuildAssemblyVersion_WhenIsLoaded" storage="d:\actions-runner\_work\xpco\xpco\processingserver\mipplugins\admin\binaries\tst\unittest\bin\debug\videoos.processingserver.plugin.admin.unittest.dll" id="ebe94fa4-a75b-763b-70d8-3c2b8b8e5433">
      <TestCategory>
        <TestCategoryItem TestCategory="VideoOS.ProcessingServer.Plugin.MetadataTests" />
      </TestCategory>
      <Execution id="1a5f4dbb-ee62-468a-981b-76f27f6273a6" />
      <TestMethod codeBase="D:\actions-runner\_work\XPCO\XPCO\ProcessingServer\MipPlugins\Admin\Binaries\tst\UnitTest\bin\Debug\VideoOS.ProcessingServer.Plugin.Admin.UnitTest.dll" adapterTypeName="executor://mstestadapter/v2" className="VideoOS.ProcessingServer.Plugin.Admin.UnitTest.MetadataTests.PluginMetadataTests" name="ProcessingServerPluginMetadata_ShouldMatchCurrentBuildAssemblyVersion_WhenIsLoaded" />
    </UnitTest>
    <UnitTest name="HandleCheckBoxChanged_ShouldUncheckParentCheckBox_WhenChildGetsUnchecked" storage="d:\actions-runner\_work\xpco\xpco\processingserver\mipplugins\admin\binaries\tst\unittest\bin\debug\videoos.processingserver.plugin.admin.unittest.dll" id="cc7f35ee-70c5-9775-5307-6c309ab3aa34">
      <TestCategory>
        <TestCategoryItem TestCategory="VideoOS.ProcessingServer.Plugin.Admin.UnitTest.Admin.UI.Treeview" />
      </TestCategory>
      <Execution id="46631799-a451-47a5-b15e-2199f64e73a8" />
      <TestMethod codeBase="D:\actions-runner\_work\XPCO\XPCO\ProcessingServer\MipPlugins\Admin\Binaries\tst\UnitTest\bin\Debug\VideoOS.ProcessingServer.Plugin.Admin.UnitTest.dll" adapterTypeName="executor://mstestadapter/v2" className="VideoOS.ProcessingServer.Plugin.Admin.UnitTest.Admin.UI.TreeView.CheckboxControllerTests" name="HandleCheckBoxChanged_ShouldUncheckParentCheckBox_WhenChildGetsUnchecked" />
    </UnitTest>
    <UnitTest name="HandleCheckBoxChanged_ShouldRaiseArgumentNullException_WhenNodeCheckBoxIsNull" storage="d:\actions-runner\_work\xpco\xpco\processingserver\mipplugins\admin\binaries\tst\unittest\bin\debug\videoos.processingserver.plugin.admin.unittest.dll" id="efaffa43-8f1b-2b80-af05-cd0ae5662be2">
      <TestCategory>
        <TestCategoryItem TestCategory="VideoOS.ProcessingServer.Plugin.Admin.UnitTest.Admin.UI.Treeview" />
      </TestCategory>
      <Execution id="8187cfec-95a2-46ff-b195-4d7d971b0893" />
      <TestMethod codeBase="D:\actions-runner\_work\XPCO\XPCO\ProcessingServer\MipPlugins\Admin\Binaries\tst\UnitTest\bin\Debug\VideoOS.ProcessingServer.Plugin.Admin.UnitTest.dll" adapterTypeName="executor://mstestadapter/v2" className="VideoOS.ProcessingServer.Plugin.Admin.UnitTest.Admin.UI.TreeView.CheckboxControllerTests" name="HandleCheckBoxChanged_ShouldRaiseArgumentNullException_WhenNodeCheckBoxIsNull" />
    </UnitTest>
  </TestDefinitions>
  <TestEntries>
    <TestEntry testId="cc7f35ee-70c5-9775-5307-6c309ab3aa34" executionId="46631799-a451-47a5-b15e-2199f64e73a8" testListId="8c84fa94-04c1-424b-9868-57a2d4851a1d" />
    <TestEntry testId="7acefc41-e00c-ebaf-aae4-26c1420d468f" executionId="5306bc25-6c9f-4e19-86d6-cb7d70608d3e" testListId="8c84fa94-04c1-424b-9868-57a2d4851a1d" />
    <TestEntry testId="6acbdd47-edf1-67c0-98f1-02ecac1b0af8" executionId="7945e834-4a99-47b3-aac5-9a7bad29b79c" testListId="8c84fa94-04c1-424b-9868-57a2d4851a1d" />
    <TestEntry testId="1b82c4b7-6a22-1f54-2414-3c251fc46eb3" executionId="f15e8871-a347-400f-a1fa-bda96701daa7" testListId="8c84fa94-04c1-424b-9868-57a2d4851a1d" />
    <TestEntry testId="ebe94fa4-a75b-763b-70d8-3c2b8b8e5433" executionId="1a5f4dbb-ee62-468a-981b-76f27f6273a6" testListId="8c84fa94-04c1-424b-9868-57a2d4851a1d" />
    <TestEntry testId="efaffa43-8f1b-2b80-af05-cd0ae5662be2" executionId="8187cfec-95a2-46ff-b195-4d7d971b0893" testListId="8c84fa94-04c1-424b-9868-57a2d4851a1d" />
  </TestEntries>
  <TestLists>
    <TestList name="Results Not in a List" id="8c84fa94-04c1-424b-9868-57a2d4851a1d" />
    <TestList name="All Loaded Results" id="19431567-8539-422a-85d7-44ee4e166bda" />
  </TestLists>
  <ResultSummary outcome="Completed">
    <Counters total="6" executed="6" passed="6" failed="0" error="0" timeout="0" aborted="0" inconclusive="0" passedButRunAborted="0" notRunnable="0" notExecuted="0" disconnected="0" warning="0" completed="0" inProgress="0" pending="0" />
  </ResultSummary>
</TestRun>